#-----------------------------------------------------------
# xsim v2024.1 (64-bit)
# SW Build 5076996 on Wed May 22 18:37:14 MDT 2024
# IP Build 5075265 on Wed May 22 21:45:21 MDT 2024
# SharedData Build 5076995 on Wed May 22 18:29:18 MDT 2024
# Start of session at: Mon Apr 27 15:01:28 2026
# Process ID: 28936
# Current directory: C:/Users/forbe/CLionProjects/FIR_filter/fir_filter_hls/solution1/sim/verilog
# Command line: xsim.exe -mode tcl -source {xsim.dir/fir_filter/xsim_script.tcl}
# Log file: C:/Users/forbe/CLionProjects/FIR_filter/fir_filter_hls/solution1/sim/verilog/xsim.log
# Journal file: C:/Users/forbe/CLionProjects/FIR_filter/fir_filter_hls/solution1/sim/verilog\xsim.jou
# Running On        :NYU-Laptop
# Platform          :Windows Server 2016 or Windows 10
# Operating System  :26200
# Processor Detail  :AMD Ryzen AI 7 350 w/ Radeon 860M              
# CPU Frequency     :1996 MHz
# CPU Physical cores:8
# CPU Logical cores :16
# Host memory       :16127 MB
# Swap memory       :21474 MB
# Total Virtual     :37602 MB
# Available Virtual :7948 MB
#-----------------------------------------------------------
source xsim.dir/fir_filter/xsim_script.tcl
# xsim {fir_filter} -autoloadwcfg -tclbatch {fir_filter.tcl}
Time resolution is 1 ps
source fir_filter.tcl
## run all
////////////////////////////////////////////////////////////////////////////////////
// Inter-Transaction Progress: Completed Transaction / Total Transaction
// Intra-Transaction Progress: Measured Latency / Latency Estimation * 100%
//
// RTL Simulation : "Inter-Transaction Progress" ["Intra-Transaction Progress"] @ "Simulation Time"
////////////////////////////////////////////////////////////////////////////////////
// RTL Simulation : 0 / 1 [0.00%] @ "125000"
// RTL Simulation : 1 / 1 [100.00%] @ "2725000"
////////////////////////////////////////////////////////////////////////////////////
$finish called at time : 2785 ns : File "C:/Users/forbe/CLionProjects/FIR_filter/fir_filter_hls/solution1/sim/verilog/fir_filter.autotb.v" Line 572
## quit
INFO: [Common 17-206] Exiting xsim at Mon Apr 27 15:01:33 2026...
