

================================================================
== Vitis HLS Report for 'fir_filter'
================================================================
* Date:           Fri Apr 24 16:06:39 2026

* Version:        2024.1 (Build 5069499 on May 21 2024)
* Project:        fir_filter_hls
* Solution:       solution1 (Vivado IP Flow Target)
* Product family: zynq
* Target device:  xc7z020-clg400-1


================================================================
== Performance Estimates
================================================================
+ Timing: 
    * Summary: 
    +--------+----------+----------+------------+
    |  Clock |  Target  | Estimated| Uncertainty|
    +--------+----------+----------+------------+
    |ap_clk  |  10.00 ns|  6.808 ns|     2.70 ns|
    +--------+----------+----------+------------+

+ Latency: 
    * Summary: 
    +---------+---------+----------+-----------+-----+------+---------+
    |  Latency (cycles) |  Latency (absolute)  |  Interval  | Pipeline|
    |   min   |   max   |    min   |    max    | min |  max |   Type  |
    +---------+---------+----------+-----------+-----+------+---------+
    |       33|     1061|  0.330 us|  10.610 us|   34|  1062|       no|
    +---------+---------+----------+-----------+-----+------+---------+

    + Detail: 
        * Instance: 
        N/A

        * Loop: 
        N/A

============================================================
+ Verbose Summary: Synthesis Manager
============================================================
InlineROM: 1
ExposeGlobal: 0
============================================================
+ Verbose Summary: CDFG Model
============================================================
IsTopModel: 1
ResetActiveHigh: 1
IsCombinational: 0
IsDatapathOnly: 0
HasWiredReturn: 1
HasMFsm: 0
HasVarLatency: 1
IsPipeline: 0
IsRtlPipelined: 0
IsInstanceOverlapped: 0
IsDontTouch: 0
HasImplIP: 0
IsGatedGlobalClock: 0


============================================================
+ Verbose Summary: Schedule
============================================================
* Number of FSM states : 4
* Pipeline : 0
* Dataflow Pipeline: 0

* FSM state transitions: 
1 --> 2 
2 --> 3 
3 --> 4 
4 --> 

* FSM state operations: 

State 1 <SV = 0> <Delay = 6.80>
ST_1 : Operation 5 [1/1] (1.00ns)   --->   "%num_samples_read = read i32 @_ssdm_op_Read.s_axilite.i32, i32 %num_samples" [src/fir_filter.cpp:3]   --->   Operation 5 'read' 'num_samples_read' <Predicate = true> <Delay = 1.00> <CoreInst = "s_axilite">   --->   Core 112 's_axilite' <Latency = 0> <II = 1> <Delay = 1.00> <Adapter> <Opcode : 'read' 'write'>
ST_1 : Operation 6 [1/1] (1.00ns)   --->   "%num_taps_read = read i32 @_ssdm_op_Read.s_axilite.i32, i32 %num_taps" [src/fir_filter.cpp:3]   --->   Operation 6 'read' 'num_taps_read' <Predicate = true> <Delay = 1.00> <CoreInst = "s_axilite">   --->   Core 112 's_axilite' <Latency = 0> <II = 1> <Delay = 1.00> <Adapter> <Opcode : 'read' 'write'>
ST_1 : Operation 7 [1/1] (0.00ns)   --->   "%trunc_ln3 = trunc i32 %num_samples_read" [src/fir_filter.cpp:3]   --->   Operation 7 'trunc' 'trunc_ln3' <Predicate = true> <Delay = 0.00>
ST_1 : Operation 8 [1/1] (0.00ns)   --->   "%trunc_ln3_1 = trunc i32 %num_taps_read" [src/fir_filter.cpp:3]   --->   Operation 8 'trunc' 'trunc_ln3_1' <Predicate = true> <Delay = 0.00>
ST_1 : Operation 9 [1/1] (2.55ns)   --->   "%icmp_ln30 = icmp_slt  i32 %num_taps_read, i32 1" [src/fir_filter.cpp:30]   --->   Operation 9 'icmp' 'icmp_ln30' <Predicate = true> <Delay = 2.55> <CoreInst = "Cmp">   --->   Core 9 'Cmp' <Latency = 0> <II = 1> <Delay = 2.55> <FuncUnit> <Opcode : 'seteq' 'setne' 'setle' 'setge' 'setlt' 'setgt'> <InPorts = 2> <OutPorts = 1>
ST_1 : Operation 10 [1/1] (0.73ns)   --->   "%select_ln30 = select i1 %icmp_ln30, i31 1, i31 %trunc_ln3_1" [src/fir_filter.cpp:30]   --->   Operation 10 'select' 'select_ln30' <Predicate = true> <Delay = 0.73> <CoreInst = "Sel">   --->   Core 73 'Sel' <Latency = 0> <II = 1> <Delay = 0.73> <FuncUnit> <Opcode : 'select'> <InPorts = 3> <OutPorts = 1>
ST_1 : Operation 11 [1/1] (0.00ns)   --->   "%trunc_ln7 = trunc i31 %select_ln30" [src/fir_filter.cpp:7]   --->   Operation 11 'trunc' 'trunc_ln7' <Predicate = true> <Delay = 0.00>
ST_1 : Operation 12 [1/1] (2.52ns)   --->   "%icmp_ln33 = icmp_ugt  i31 %select_ln30, i31 32" [src/fir_filter.cpp:33]   --->   Operation 12 'icmp' 'icmp_ln33' <Predicate = true> <Delay = 2.52> <CoreInst = "Cmp">   --->   Core 9 'Cmp' <Latency = 0> <II = 1> <Delay = 2.52> <FuncUnit> <Opcode : 'seteq' 'setne' 'setle' 'setge' 'setlt' 'setgt'> <InPorts = 2> <OutPorts = 1>
ST_1 : Operation 13 [1/1] (0.00ns)   --->   "%tmp = bitselect i1 @_ssdm_op_BitSelect.i1.i32.i32, i32 %num_samples_read, i32 31" [src/fir_filter.cpp:36]   --->   Operation 13 'bitselect' 'tmp' <Predicate = true> <Delay = 0.00>
ST_1 : Operation 14 [1/1] (0.73ns)   --->   "%select_ln36 = select i1 %tmp, i31 0, i31 %trunc_ln3" [src/fir_filter.cpp:36]   --->   Operation 14 'select' 'select_ln36' <Predicate = true> <Delay = 0.73> <CoreInst = "Sel">   --->   Core 73 'Sel' <Latency = 0> <II = 1> <Delay = 0.73> <FuncUnit> <Opcode : 'select'> <InPorts = 3> <OutPorts = 1>
ST_1 : Operation 15 [1/1] (0.00ns)   --->   "%trunc_ln8 = trunc i31 %select_ln36" [src/fir_filter.cpp:8]   --->   Operation 15 'trunc' 'trunc_ln8' <Predicate = true> <Delay = 0.00>
ST_1 : Operation 16 [1/1] (2.52ns)   --->   "%icmp_ln39 = icmp_ugt  i31 %select_ln36, i31 1024" [src/fir_filter.cpp:39]   --->   Operation 16 'icmp' 'icmp_ln39' <Predicate = true> <Delay = 2.52> <CoreInst = "Cmp">   --->   Core 9 'Cmp' <Latency = 0> <II = 1> <Delay = 2.52> <FuncUnit> <Opcode : 'seteq' 'setne' 'setle' 'setge' 'setlt' 'setgt'> <InPorts = 2> <OutPorts = 1>
ST_1 : Operation 17 [1/1] (1.63ns)   --->   "%num_samples_addr_0_op = add i11 %trunc_ln8, i11 2047" [src/fir_filter.cpp:8]   --->   Operation 17 'add' 'num_samples_addr_0_op' <Predicate = true> <Delay = 1.63> <CoreInst = "Adder">   --->   Core 1 'Adder' <Latency = 0> <II = 1> <Delay = 1.63> <FuncUnit> <Opcode : 'add' 'sub'> <InPorts = 2> <OutPorts = 1>
ST_1 : Operation 18 [1/1] (0.69ns)   --->   "%sub50 = select i1 %icmp_ln39, i11 1023, i11 %num_samples_addr_0_op" [src/fir_filter.cpp:39]   --->   Operation 18 'select' 'sub50' <Predicate = true> <Delay = 0.69> <CoreInst = "Sel">   --->   Core 73 'Sel' <Latency = 0> <II = 1> <Delay = 0.69> <FuncUnit> <Opcode : 'select'> <InPorts = 3> <OutPorts = 1>
ST_1 : Operation 19 [1/1] (1.00ns)   --->   "%coeffs_0_read = read i16 @_ssdm_op_Read.s_axilite.i16P0A, i16 %coeffs_0"   --->   Operation 19 'read' 'coeffs_0_read' <Predicate = true> <Delay = 1.00> <CoreInst = "s_axilite">   --->   Core 112 's_axilite' <Latency = 0> <II = 1> <Delay = 1.00> <Adapter> <Opcode : 'read' 'write'>
ST_1 : Operation 20 [1/1] (1.00ns)   --->   "%coeffs_1_read = read i16 @_ssdm_op_Read.s_axilite.i16P0A, i16 %coeffs_1"   --->   Operation 20 'read' 'coeffs_1_read' <Predicate = true> <Delay = 1.00> <CoreInst = "s_axilite">   --->   Core 112 's_axilite' <Latency = 0> <II = 1> <Delay = 1.00> <Adapter> <Opcode : 'read' 'write'>
ST_1 : Operation 21 [1/1] (1.00ns)   --->   "%coeffs_2_read = read i16 @_ssdm_op_Read.s_axilite.i16P0A, i16 %coeffs_2"   --->   Operation 21 'read' 'coeffs_2_read' <Predicate = true> <Delay = 1.00> <CoreInst = "s_axilite">   --->   Core 112 's_axilite' <Latency = 0> <II = 1> <Delay = 1.00> <Adapter> <Opcode : 'read' 'write'>
ST_1 : Operation 22 [1/1] (1.00ns)   --->   "%coeffs_3_read = read i16 @_ssdm_op_Read.s_axilite.i16P0A, i16 %coeffs_3"   --->   Operation 22 'read' 'coeffs_3_read' <Predicate = true> <Delay = 1.00> <CoreInst = "s_axilite">   --->   Core 112 's_axilite' <Latency = 0> <II = 1> <Delay = 1.00> <Adapter> <Opcode : 'read' 'write'>
ST_1 : Operation 23 [1/1] (1.00ns)   --->   "%coeffs_4_read = read i16 @_ssdm_op_Read.s_axilite.i16P0A, i16 %coeffs_4"   --->   Operation 23 'read' 'coeffs_4_read' <Predicate = true> <Delay = 1.00> <CoreInst = "s_axilite">   --->   Core 112 's_axilite' <Latency = 0> <II = 1> <Delay = 1.00> <Adapter> <Opcode : 'read' 'write'>
ST_1 : Operation 24 [1/1] (1.00ns)   --->   "%coeffs_5_read = read i16 @_ssdm_op_Read.s_axilite.i16P0A, i16 %coeffs_5"   --->   Operation 24 'read' 'coeffs_5_read' <Predicate = true> <Delay = 1.00> <CoreInst = "s_axilite">   --->   Core 112 's_axilite' <Latency = 0> <II = 1> <Delay = 1.00> <Adapter> <Opcode : 'read' 'write'>
ST_1 : Operation 25 [1/1] (1.00ns)   --->   "%coeffs_6_read = read i16 @_ssdm_op_Read.s_axilite.i16P0A, i16 %coeffs_6"   --->   Operation 25 'read' 'coeffs_6_read' <Predicate = true> <Delay = 1.00> <CoreInst = "s_axilite">   --->   Core 112 's_axilite' <Latency = 0> <II = 1> <Delay = 1.00> <Adapter> <Opcode : 'read' 'write'>
ST_1 : Operation 26 [1/1] (1.00ns)   --->   "%coeffs_7_read = read i16 @_ssdm_op_Read.s_axilite.i16P0A, i16 %coeffs_7"   --->   Operation 26 'read' 'coeffs_7_read' <Predicate = true> <Delay = 1.00> <CoreInst = "s_axilite">   --->   Core 112 's_axilite' <Latency = 0> <II = 1> <Delay = 1.00> <Adapter> <Opcode : 'read' 'write'>
ST_1 : Operation 27 [1/1] (1.00ns)   --->   "%coeffs_8_read = read i16 @_ssdm_op_Read.s_axilite.i16P0A, i16 %coeffs_8"   --->   Operation 27 'read' 'coeffs_8_read' <Predicate = true> <Delay = 1.00> <CoreInst = "s_axilite">   --->   Core 112 's_axilite' <Latency = 0> <II = 1> <Delay = 1.00> <Adapter> <Opcode : 'read' 'write'>
ST_1 : Operation 28 [1/1] (1.00ns)   --->   "%coeffs_9_read = read i16 @_ssdm_op_Read.s_axilite.i16P0A, i16 %coeffs_9"   --->   Operation 28 'read' 'coeffs_9_read' <Predicate = true> <Delay = 1.00> <CoreInst = "s_axilite">   --->   Core 112 's_axilite' <Latency = 0> <II = 1> <Delay = 1.00> <Adapter> <Opcode : 'read' 'write'>
ST_1 : Operation 29 [1/1] (1.00ns)   --->   "%coeffs_10_read = read i16 @_ssdm_op_Read.s_axilite.i16P0A, i16 %coeffs_10"   --->   Operation 29 'read' 'coeffs_10_read' <Predicate = true> <Delay = 1.00> <CoreInst = "s_axilite">   --->   Core 112 's_axilite' <Latency = 0> <II = 1> <Delay = 1.00> <Adapter> <Opcode : 'read' 'write'>
ST_1 : Operation 30 [1/1] (1.00ns)   --->   "%coeffs_11_read = read i16 @_ssdm_op_Read.s_axilite.i16P0A, i16 %coeffs_11"   --->   Operation 30 'read' 'coeffs_11_read' <Predicate = true> <Delay = 1.00> <CoreInst = "s_axilite">   --->   Core 112 's_axilite' <Latency = 0> <II = 1> <Delay = 1.00> <Adapter> <Opcode : 'read' 'write'>
ST_1 : Operation 31 [1/1] (1.00ns)   --->   "%coeffs_12_read = read i16 @_ssdm_op_Read.s_axilite.i16P0A, i16 %coeffs_12"   --->   Operation 31 'read' 'coeffs_12_read' <Predicate = true> <Delay = 1.00> <CoreInst = "s_axilite">   --->   Core 112 's_axilite' <Latency = 0> <II = 1> <Delay = 1.00> <Adapter> <Opcode : 'read' 'write'>
ST_1 : Operation 32 [1/1] (1.00ns)   --->   "%coeffs_13_read = read i16 @_ssdm_op_Read.s_axilite.i16P0A, i16 %coeffs_13"   --->   Operation 32 'read' 'coeffs_13_read' <Predicate = true> <Delay = 1.00> <CoreInst = "s_axilite">   --->   Core 112 's_axilite' <Latency = 0> <II = 1> <Delay = 1.00> <Adapter> <Opcode : 'read' 'write'>
ST_1 : Operation 33 [1/1] (1.00ns)   --->   "%coeffs_14_read = read i16 @_ssdm_op_Read.s_axilite.i16P0A, i16 %coeffs_14"   --->   Operation 33 'read' 'coeffs_14_read' <Predicate = true> <Delay = 1.00> <CoreInst = "s_axilite">   --->   Core 112 's_axilite' <Latency = 0> <II = 1> <Delay = 1.00> <Adapter> <Opcode : 'read' 'write'>
ST_1 : Operation 34 [1/1] (1.00ns)   --->   "%coeffs_15_read = read i16 @_ssdm_op_Read.s_axilite.i16P0A, i16 %coeffs_15"   --->   Operation 34 'read' 'coeffs_15_read' <Predicate = true> <Delay = 1.00> <CoreInst = "s_axilite">   --->   Core 112 's_axilite' <Latency = 0> <II = 1> <Delay = 1.00> <Adapter> <Opcode : 'read' 'write'>
ST_1 : Operation 35 [1/1] (1.00ns)   --->   "%coeffs_16_read = read i16 @_ssdm_op_Read.s_axilite.i16P0A, i16 %coeffs_16"   --->   Operation 35 'read' 'coeffs_16_read' <Predicate = true> <Delay = 1.00> <CoreInst = "s_axilite">   --->   Core 112 's_axilite' <Latency = 0> <II = 1> <Delay = 1.00> <Adapter> <Opcode : 'read' 'write'>
ST_1 : Operation 36 [1/1] (1.00ns)   --->   "%coeffs_17_read = read i16 @_ssdm_op_Read.s_axilite.i16P0A, i16 %coeffs_17"   --->   Operation 36 'read' 'coeffs_17_read' <Predicate = true> <Delay = 1.00> <CoreInst = "s_axilite">   --->   Core 112 's_axilite' <Latency = 0> <II = 1> <Delay = 1.00> <Adapter> <Opcode : 'read' 'write'>
ST_1 : Operation 37 [1/1] (1.00ns)   --->   "%coeffs_18_read = read i16 @_ssdm_op_Read.s_axilite.i16P0A, i16 %coeffs_18"   --->   Operation 37 'read' 'coeffs_18_read' <Predicate = true> <Delay = 1.00> <CoreInst = "s_axilite">   --->   Core 112 's_axilite' <Latency = 0> <II = 1> <Delay = 1.00> <Adapter> <Opcode : 'read' 'write'>
ST_1 : Operation 38 [1/1] (1.00ns)   --->   "%coeffs_19_read = read i16 @_ssdm_op_Read.s_axilite.i16P0A, i16 %coeffs_19"   --->   Operation 38 'read' 'coeffs_19_read' <Predicate = true> <Delay = 1.00> <CoreInst = "s_axilite">   --->   Core 112 's_axilite' <Latency = 0> <II = 1> <Delay = 1.00> <Adapter> <Opcode : 'read' 'write'>
ST_1 : Operation 39 [1/1] (1.00ns)   --->   "%coeffs_20_read = read i16 @_ssdm_op_Read.s_axilite.i16P0A, i16 %coeffs_20"   --->   Operation 39 'read' 'coeffs_20_read' <Predicate = true> <Delay = 1.00> <CoreInst = "s_axilite">   --->   Core 112 's_axilite' <Latency = 0> <II = 1> <Delay = 1.00> <Adapter> <Opcode : 'read' 'write'>
ST_1 : Operation 40 [1/1] (1.00ns)   --->   "%coeffs_21_read = read i16 @_ssdm_op_Read.s_axilite.i16P0A, i16 %coeffs_21"   --->   Operation 40 'read' 'coeffs_21_read' <Predicate = true> <Delay = 1.00> <CoreInst = "s_axilite">   --->   Core 112 's_axilite' <Latency = 0> <II = 1> <Delay = 1.00> <Adapter> <Opcode : 'read' 'write'>
ST_1 : Operation 41 [1/1] (1.00ns)   --->   "%coeffs_22_read = read i16 @_ssdm_op_Read.s_axilite.i16P0A, i16 %coeffs_22"   --->   Operation 41 'read' 'coeffs_22_read' <Predicate = true> <Delay = 1.00> <CoreInst = "s_axilite">   --->   Core 112 's_axilite' <Latency = 0> <II = 1> <Delay = 1.00> <Adapter> <Opcode : 'read' 'write'>
ST_1 : Operation 42 [1/1] (1.00ns)   --->   "%coeffs_23_read = read i16 @_ssdm_op_Read.s_axilite.i16P0A, i16 %coeffs_23"   --->   Operation 42 'read' 'coeffs_23_read' <Predicate = true> <Delay = 1.00> <CoreInst = "s_axilite">   --->   Core 112 's_axilite' <Latency = 0> <II = 1> <Delay = 1.00> <Adapter> <Opcode : 'read' 'write'>
ST_1 : Operation 43 [1/1] (1.00ns)   --->   "%coeffs_24_read = read i16 @_ssdm_op_Read.s_axilite.i16P0A, i16 %coeffs_24"   --->   Operation 43 'read' 'coeffs_24_read' <Predicate = true> <Delay = 1.00> <CoreInst = "s_axilite">   --->   Core 112 's_axilite' <Latency = 0> <II = 1> <Delay = 1.00> <Adapter> <Opcode : 'read' 'write'>
ST_1 : Operation 44 [1/1] (1.00ns)   --->   "%coeffs_25_read = read i16 @_ssdm_op_Read.s_axilite.i16P0A, i16 %coeffs_25"   --->   Operation 44 'read' 'coeffs_25_read' <Predicate = true> <Delay = 1.00> <CoreInst = "s_axilite">   --->   Core 112 's_axilite' <Latency = 0> <II = 1> <Delay = 1.00> <Adapter> <Opcode : 'read' 'write'>
ST_1 : Operation 45 [1/1] (1.00ns)   --->   "%coeffs_26_read = read i16 @_ssdm_op_Read.s_axilite.i16P0A, i16 %coeffs_26"   --->   Operation 45 'read' 'coeffs_26_read' <Predicate = true> <Delay = 1.00> <CoreInst = "s_axilite">   --->   Core 112 's_axilite' <Latency = 0> <II = 1> <Delay = 1.00> <Adapter> <Opcode : 'read' 'write'>
ST_1 : Operation 46 [1/1] (1.00ns)   --->   "%coeffs_27_read = read i16 @_ssdm_op_Read.s_axilite.i16P0A, i16 %coeffs_27"   --->   Operation 46 'read' 'coeffs_27_read' <Predicate = true> <Delay = 1.00> <CoreInst = "s_axilite">   --->   Core 112 's_axilite' <Latency = 0> <II = 1> <Delay = 1.00> <Adapter> <Opcode : 'read' 'write'>
ST_1 : Operation 47 [1/1] (1.00ns)   --->   "%coeffs_28_read = read i16 @_ssdm_op_Read.s_axilite.i16P0A, i16 %coeffs_28"   --->   Operation 47 'read' 'coeffs_28_read' <Predicate = true> <Delay = 1.00> <CoreInst = "s_axilite">   --->   Core 112 's_axilite' <Latency = 0> <II = 1> <Delay = 1.00> <Adapter> <Opcode : 'read' 'write'>
ST_1 : Operation 48 [1/1] (1.00ns)   --->   "%coeffs_29_read = read i16 @_ssdm_op_Read.s_axilite.i16P0A, i16 %coeffs_29"   --->   Operation 48 'read' 'coeffs_29_read' <Predicate = true> <Delay = 1.00> <CoreInst = "s_axilite">   --->   Core 112 's_axilite' <Latency = 0> <II = 1> <Delay = 1.00> <Adapter> <Opcode : 'read' 'write'>
ST_1 : Operation 49 [1/1] (1.00ns)   --->   "%coeffs_30_read = read i16 @_ssdm_op_Read.s_axilite.i16P0A, i16 %coeffs_30"   --->   Operation 49 'read' 'coeffs_30_read' <Predicate = true> <Delay = 1.00> <CoreInst = "s_axilite">   --->   Core 112 's_axilite' <Latency = 0> <II = 1> <Delay = 1.00> <Adapter> <Opcode : 'read' 'write'>
ST_1 : Operation 50 [1/1] (1.00ns)   --->   "%coeffs_31_read = read i16 @_ssdm_op_Read.s_axilite.i16P0A, i16 %coeffs_31"   --->   Operation 50 'read' 'coeffs_31_read' <Predicate = true> <Delay = 1.00> <CoreInst = "s_axilite">   --->   Core 112 's_axilite' <Latency = 0> <II = 1> <Delay = 1.00> <Adapter> <Opcode : 'read' 'write'>
ST_1 : Operation 51 [1/1] (2.55ns)   --->   "%empty = icmp_sgt  i32 %num_samples_read, i32 0" [src/fir_filter.cpp:3]   --->   Operation 51 'icmp' 'empty' <Predicate = true> <Delay = 2.55> <CoreInst = "Cmp">   --->   Core 9 'Cmp' <Latency = 0> <II = 1> <Delay = 2.55> <FuncUnit> <Opcode : 'seteq' 'setne' 'setle' 'setge' 'setlt' 'setgt'> <InPorts = 2> <OutPorts = 1>
ST_1 : Operation 52 [1/1] (0.00ns) (grouped into LUT with out node select_ln44)   --->   "%xor_ln44 = xor i32 %num_samples_read, i32 4294967295" [src/fir_filter.cpp:44]   --->   Operation 52 'xor' 'xor_ln44' <Predicate = true> <Delay = 0.00> <CoreInst = "LogicGate">   --->   Core 74 'LogicGate' <Latency = 0> <II = 1> <Delay = 0.99> <FuncUnit> <Opcode : 'and' 'or' 'xor'> <InPorts = 2> <OutPorts = 1>
ST_1 : Operation 53 [1/1] (0.99ns) (out node of the LUT)   --->   "%select_ln44 = select i1 %empty, i32 %xor_ln44, i32 4294967295" [src/fir_filter.cpp:44]   --->   Operation 53 'select' 'select_ln44' <Predicate = true> <Delay = 0.99> <CoreInst = "Sel">   --->   Core 73 'Sel' <Latency = 0> <II = 1> <Delay = 0.69> <FuncUnit> <Opcode : 'select'> <InPorts = 3> <OutPorts = 1>

State 2 <SV = 1> <Delay = 5.65>
ST_2 : Operation 54 [1/1] (1.18ns)   --->   "%select_ln33 = select i1 %icmp_ln33, i6 32, i6 %trunc_ln7" [src/fir_filter.cpp:33]   --->   Operation 54 'select' 'select_ln33' <Predicate = true> <Delay = 1.18> <CoreInst = "Sel">   --->   Core 73 'Sel' <Latency = 0> <II = 1> <Delay = 1.18> <FuncUnit> <Opcode : 'select'> <InPorts = 3> <OutPorts = 1>
ST_2 : Operation 55 [1/1] (0.00ns)   --->   "%tmp_1 = partselect i5 @_ssdm_op_PartSelect.i5.i6.i32.i32, i6 %select_ln33, i32 1, i32 5" [src/fir_filter.cpp:33]   --->   Operation 55 'partselect' 'tmp_1' <Predicate = true> <Delay = 0.00>
ST_2 : Operation 56 [1/1] (1.78ns)   --->   "%icmp = icmp_ne  i5 %tmp_1, i5 0" [src/fir_filter.cpp:33]   --->   Operation 56 'icmp' 'icmp' <Predicate = true> <Delay = 1.78> <CoreInst = "Cmp">   --->   Core 9 'Cmp' <Latency = 0> <II = 1> <Delay = 1.78> <FuncUnit> <Opcode : 'seteq' 'setne' 'setle' 'setge' 'setlt' 'setgt'> <InPorts = 2> <OutPorts = 1>
ST_2 : Operation 57 [1/1] (1.82ns)   --->   "%cmp31_2 = icmp_ugt  i6 %select_ln33, i6 2" [src/fir_filter.cpp:33]   --->   Operation 57 'icmp' 'cmp31_2' <Predicate = true> <Delay = 1.82> <CoreInst = "Cmp">   --->   Core 9 'Cmp' <Latency = 0> <II = 1> <Delay = 1.82> <FuncUnit> <Opcode : 'seteq' 'setne' 'setle' 'setge' 'setlt' 'setgt'> <InPorts = 2> <OutPorts = 1>
ST_2 : Operation 58 [1/1] (0.00ns)   --->   "%tmp_2 = partselect i4 @_ssdm_op_PartSelect.i4.i6.i32.i32, i6 %select_ln33, i32 2, i32 5" [src/fir_filter.cpp:33]   --->   Operation 58 'partselect' 'tmp_2' <Predicate = true> <Delay = 0.00>
ST_2 : Operation 59 [1/1] (1.73ns)   --->   "%icmp4 = icmp_ne  i4 %tmp_2, i4 0" [src/fir_filter.cpp:33]   --->   Operation 59 'icmp' 'icmp4' <Predicate = true> <Delay = 1.73> <CoreInst = "Cmp">   --->   Core 9 'Cmp' <Latency = 0> <II = 1> <Delay = 1.73> <FuncUnit> <Opcode : 'seteq' 'setne' 'setle' 'setge' 'setlt' 'setgt'> <InPorts = 2> <OutPorts = 1>
ST_2 : Operation 60 [1/1] (1.82ns)   --->   "%cmp31_4 = icmp_ugt  i6 %select_ln33, i6 4" [src/fir_filter.cpp:33]   --->   Operation 60 'icmp' 'cmp31_4' <Predicate = true> <Delay = 1.82> <CoreInst = "Cmp">   --->   Core 9 'Cmp' <Latency = 0> <II = 1> <Delay = 1.82> <FuncUnit> <Opcode : 'seteq' 'setne' 'setle' 'setge' 'setlt' 'setgt'> <InPorts = 2> <OutPorts = 1>
ST_2 : Operation 61 [1/1] (1.82ns)   --->   "%cmp31_5 = icmp_ugt  i6 %select_ln33, i6 5" [src/fir_filter.cpp:33]   --->   Operation 61 'icmp' 'cmp31_5' <Predicate = true> <Delay = 1.82> <CoreInst = "Cmp">   --->   Core 9 'Cmp' <Latency = 0> <II = 1> <Delay = 1.82> <FuncUnit> <Opcode : 'seteq' 'setne' 'setle' 'setge' 'setlt' 'setgt'> <InPorts = 2> <OutPorts = 1>
ST_2 : Operation 62 [1/1] (1.82ns)   --->   "%cmp31_6 = icmp_ugt  i6 %select_ln33, i6 6" [src/fir_filter.cpp:33]   --->   Operation 62 'icmp' 'cmp31_6' <Predicate = true> <Delay = 1.82> <CoreInst = "Cmp">   --->   Core 9 'Cmp' <Latency = 0> <II = 1> <Delay = 1.82> <FuncUnit> <Opcode : 'seteq' 'setne' 'setle' 'setge' 'setlt' 'setgt'> <InPorts = 2> <OutPorts = 1>
ST_2 : Operation 63 [1/1] (0.00ns)   --->   "%tmp_3 = partselect i3 @_ssdm_op_PartSelect.i3.i6.i32.i32, i6 %select_ln33, i32 3, i32 5" [src/fir_filter.cpp:33]   --->   Operation 63 'partselect' 'tmp_3' <Predicate = true> <Delay = 0.00>
ST_2 : Operation 64 [1/1] (1.65ns)   --->   "%icmp7 = icmp_ne  i3 %tmp_3, i3 0" [src/fir_filter.cpp:33]   --->   Operation 64 'icmp' 'icmp7' <Predicate = true> <Delay = 1.65> <CoreInst = "Cmp">   --->   Core 9 'Cmp' <Latency = 0> <II = 1> <Delay = 1.65> <FuncUnit> <Opcode : 'seteq' 'setne' 'setle' 'setge' 'setlt' 'setgt'> <InPorts = 2> <OutPorts = 1>
ST_2 : Operation 65 [1/1] (1.82ns)   --->   "%cmp31_8 = icmp_ugt  i6 %select_ln33, i6 8" [src/fir_filter.cpp:33]   --->   Operation 65 'icmp' 'cmp31_8' <Predicate = true> <Delay = 1.82> <CoreInst = "Cmp">   --->   Core 9 'Cmp' <Latency = 0> <II = 1> <Delay = 1.82> <FuncUnit> <Opcode : 'seteq' 'setne' 'setle' 'setge' 'setlt' 'setgt'> <InPorts = 2> <OutPorts = 1>
ST_2 : Operation 66 [1/1] (1.82ns)   --->   "%cmp31_9 = icmp_ugt  i6 %select_ln33, i6 9" [src/fir_filter.cpp:33]   --->   Operation 66 'icmp' 'cmp31_9' <Predicate = true> <Delay = 1.82> <CoreInst = "Cmp">   --->   Core 9 'Cmp' <Latency = 0> <II = 1> <Delay = 1.82> <FuncUnit> <Opcode : 'seteq' 'setne' 'setle' 'setge' 'setlt' 'setgt'> <InPorts = 2> <OutPorts = 1>
ST_2 : Operation 67 [1/1] (1.82ns)   --->   "%cmp31_10 = icmp_ugt  i6 %select_ln33, i6 10" [src/fir_filter.cpp:33]   --->   Operation 67 'icmp' 'cmp31_10' <Predicate = true> <Delay = 1.82> <CoreInst = "Cmp">   --->   Core 9 'Cmp' <Latency = 0> <II = 1> <Delay = 1.82> <FuncUnit> <Opcode : 'seteq' 'setne' 'setle' 'setge' 'setlt' 'setgt'> <InPorts = 2> <OutPorts = 1>
ST_2 : Operation 68 [1/1] (1.82ns)   --->   "%cmp31_11 = icmp_ugt  i6 %select_ln33, i6 11" [src/fir_filter.cpp:33]   --->   Operation 68 'icmp' 'cmp31_11' <Predicate = true> <Delay = 1.82> <CoreInst = "Cmp">   --->   Core 9 'Cmp' <Latency = 0> <II = 1> <Delay = 1.82> <FuncUnit> <Opcode : 'seteq' 'setne' 'setle' 'setge' 'setlt' 'setgt'> <InPorts = 2> <OutPorts = 1>
ST_2 : Operation 69 [1/1] (1.82ns)   --->   "%cmp31_12 = icmp_ugt  i6 %select_ln33, i6 12" [src/fir_filter.cpp:33]   --->   Operation 69 'icmp' 'cmp31_12' <Predicate = true> <Delay = 1.82> <CoreInst = "Cmp">   --->   Core 9 'Cmp' <Latency = 0> <II = 1> <Delay = 1.82> <FuncUnit> <Opcode : 'seteq' 'setne' 'setle' 'setge' 'setlt' 'setgt'> <InPorts = 2> <OutPorts = 1>
ST_2 : Operation 70 [1/1] (1.82ns)   --->   "%cmp31_13 = icmp_ugt  i6 %select_ln33, i6 13" [src/fir_filter.cpp:33]   --->   Operation 70 'icmp' 'cmp31_13' <Predicate = true> <Delay = 1.82> <CoreInst = "Cmp">   --->   Core 9 'Cmp' <Latency = 0> <II = 1> <Delay = 1.82> <FuncUnit> <Opcode : 'seteq' 'setne' 'setle' 'setge' 'setlt' 'setgt'> <InPorts = 2> <OutPorts = 1>
ST_2 : Operation 71 [1/1] (1.82ns)   --->   "%cmp31_14 = icmp_ugt  i6 %select_ln33, i6 14" [src/fir_filter.cpp:33]   --->   Operation 71 'icmp' 'cmp31_14' <Predicate = true> <Delay = 1.82> <CoreInst = "Cmp">   --->   Core 9 'Cmp' <Latency = 0> <II = 1> <Delay = 1.82> <FuncUnit> <Opcode : 'seteq' 'setne' 'setle' 'setge' 'setlt' 'setgt'> <InPorts = 2> <OutPorts = 1>
ST_2 : Operation 72 [1/1] (0.00ns)   --->   "%tmp_4 = partselect i2 @_ssdm_op_PartSelect.i2.i6.i32.i32, i6 %select_ln33, i32 4, i32 5" [src/fir_filter.cpp:33]   --->   Operation 72 'partselect' 'tmp_4' <Predicate = true> <Delay = 0.00>
ST_2 : Operation 73 [1/1] (1.56ns)   --->   "%icmp10 = icmp_ne  i2 %tmp_4, i2 0" [src/fir_filter.cpp:33]   --->   Operation 73 'icmp' 'icmp10' <Predicate = true> <Delay = 1.56> <CoreInst = "Cmp">   --->   Core 9 'Cmp' <Latency = 0> <II = 1> <Delay = 1.56> <FuncUnit> <Opcode : 'seteq' 'setne' 'setle' 'setge' 'setlt' 'setgt'> <InPorts = 2> <OutPorts = 1>
ST_2 : Operation 74 [1/1] (1.82ns)   --->   "%cmp31_16 = icmp_ugt  i6 %select_ln33, i6 16" [src/fir_filter.cpp:33]   --->   Operation 74 'icmp' 'cmp31_16' <Predicate = true> <Delay = 1.82> <CoreInst = "Cmp">   --->   Core 9 'Cmp' <Latency = 0> <II = 1> <Delay = 1.82> <FuncUnit> <Opcode : 'seteq' 'setne' 'setle' 'setge' 'setlt' 'setgt'> <InPorts = 2> <OutPorts = 1>
ST_2 : Operation 75 [1/1] (1.82ns)   --->   "%cmp31_17 = icmp_ugt  i6 %select_ln33, i6 17" [src/fir_filter.cpp:33]   --->   Operation 75 'icmp' 'cmp31_17' <Predicate = true> <Delay = 1.82> <CoreInst = "Cmp">   --->   Core 9 'Cmp' <Latency = 0> <II = 1> <Delay = 1.82> <FuncUnit> <Opcode : 'seteq' 'setne' 'setle' 'setge' 'setlt' 'setgt'> <InPorts = 2> <OutPorts = 1>
ST_2 : Operation 76 [1/1] (1.82ns)   --->   "%cmp31_18 = icmp_ugt  i6 %select_ln33, i6 18" [src/fir_filter.cpp:33]   --->   Operation 76 'icmp' 'cmp31_18' <Predicate = true> <Delay = 1.82> <CoreInst = "Cmp">   --->   Core 9 'Cmp' <Latency = 0> <II = 1> <Delay = 1.82> <FuncUnit> <Opcode : 'seteq' 'setne' 'setle' 'setge' 'setlt' 'setgt'> <InPorts = 2> <OutPorts = 1>
ST_2 : Operation 77 [1/1] (1.82ns)   --->   "%cmp31_19 = icmp_ugt  i6 %select_ln33, i6 19" [src/fir_filter.cpp:33]   --->   Operation 77 'icmp' 'cmp31_19' <Predicate = true> <Delay = 1.82> <CoreInst = "Cmp">   --->   Core 9 'Cmp' <Latency = 0> <II = 1> <Delay = 1.82> <FuncUnit> <Opcode : 'seteq' 'setne' 'setle' 'setge' 'setlt' 'setgt'> <InPorts = 2> <OutPorts = 1>
ST_2 : Operation 78 [1/1] (1.82ns)   --->   "%cmp31_20 = icmp_ugt  i6 %select_ln33, i6 20" [src/fir_filter.cpp:33]   --->   Operation 78 'icmp' 'cmp31_20' <Predicate = true> <Delay = 1.82> <CoreInst = "Cmp">   --->   Core 9 'Cmp' <Latency = 0> <II = 1> <Delay = 1.82> <FuncUnit> <Opcode : 'seteq' 'setne' 'setle' 'setge' 'setlt' 'setgt'> <InPorts = 2> <OutPorts = 1>
ST_2 : Operation 79 [1/1] (1.82ns)   --->   "%cmp31_21 = icmp_ugt  i6 %select_ln33, i6 21" [src/fir_filter.cpp:33]   --->   Operation 79 'icmp' 'cmp31_21' <Predicate = true> <Delay = 1.82> <CoreInst = "Cmp">   --->   Core 9 'Cmp' <Latency = 0> <II = 1> <Delay = 1.82> <FuncUnit> <Opcode : 'seteq' 'setne' 'setle' 'setge' 'setlt' 'setgt'> <InPorts = 2> <OutPorts = 1>
ST_2 : Operation 80 [1/1] (1.82ns)   --->   "%cmp31_22 = icmp_ugt  i6 %select_ln33, i6 22" [src/fir_filter.cpp:33]   --->   Operation 80 'icmp' 'cmp31_22' <Predicate = true> <Delay = 1.82> <CoreInst = "Cmp">   --->   Core 9 'Cmp' <Latency = 0> <II = 1> <Delay = 1.82> <FuncUnit> <Opcode : 'seteq' 'setne' 'setle' 'setge' 'setlt' 'setgt'> <InPorts = 2> <OutPorts = 1>
ST_2 : Operation 81 [1/1] (1.82ns)   --->   "%cmp31_23 = icmp_ugt  i6 %select_ln33, i6 23" [src/fir_filter.cpp:33]   --->   Operation 81 'icmp' 'cmp31_23' <Predicate = true> <Delay = 1.82> <CoreInst = "Cmp">   --->   Core 9 'Cmp' <Latency = 0> <II = 1> <Delay = 1.82> <FuncUnit> <Opcode : 'seteq' 'setne' 'setle' 'setge' 'setlt' 'setgt'> <InPorts = 2> <OutPorts = 1>
ST_2 : Operation 82 [1/1] (1.82ns)   --->   "%cmp31_24 = icmp_ugt  i6 %select_ln33, i6 24" [src/fir_filter.cpp:33]   --->   Operation 82 'icmp' 'cmp31_24' <Predicate = true> <Delay = 1.82> <CoreInst = "Cmp">   --->   Core 9 'Cmp' <Latency = 0> <II = 1> <Delay = 1.82> <FuncUnit> <Opcode : 'seteq' 'setne' 'setle' 'setge' 'setlt' 'setgt'> <InPorts = 2> <OutPorts = 1>
ST_2 : Operation 83 [1/1] (1.82ns)   --->   "%cmp31_25 = icmp_ugt  i6 %select_ln33, i6 25" [src/fir_filter.cpp:33]   --->   Operation 83 'icmp' 'cmp31_25' <Predicate = true> <Delay = 1.82> <CoreInst = "Cmp">   --->   Core 9 'Cmp' <Latency = 0> <II = 1> <Delay = 1.82> <FuncUnit> <Opcode : 'seteq' 'setne' 'setle' 'setge' 'setlt' 'setgt'> <InPorts = 2> <OutPorts = 1>
ST_2 : Operation 84 [1/1] (1.82ns)   --->   "%cmp31_26 = icmp_ugt  i6 %select_ln33, i6 26" [src/fir_filter.cpp:33]   --->   Operation 84 'icmp' 'cmp31_26' <Predicate = true> <Delay = 1.82> <CoreInst = "Cmp">   --->   Core 9 'Cmp' <Latency = 0> <II = 1> <Delay = 1.82> <FuncUnit> <Opcode : 'seteq' 'setne' 'setle' 'setge' 'setlt' 'setgt'> <InPorts = 2> <OutPorts = 1>
ST_2 : Operation 85 [1/1] (1.82ns)   --->   "%cmp31_27 = icmp_ugt  i6 %select_ln33, i6 27" [src/fir_filter.cpp:33]   --->   Operation 85 'icmp' 'cmp31_27' <Predicate = true> <Delay = 1.82> <CoreInst = "Cmp">   --->   Core 9 'Cmp' <Latency = 0> <II = 1> <Delay = 1.82> <FuncUnit> <Opcode : 'seteq' 'setne' 'setle' 'setge' 'setlt' 'setgt'> <InPorts = 2> <OutPorts = 1>
ST_2 : Operation 86 [1/1] (1.82ns)   --->   "%cmp31_28 = icmp_ugt  i6 %select_ln33, i6 28" [src/fir_filter.cpp:33]   --->   Operation 86 'icmp' 'cmp31_28' <Predicate = true> <Delay = 1.82> <CoreInst = "Cmp">   --->   Core 9 'Cmp' <Latency = 0> <II = 1> <Delay = 1.82> <FuncUnit> <Opcode : 'seteq' 'setne' 'setle' 'setge' 'setlt' 'setgt'> <InPorts = 2> <OutPorts = 1>
ST_2 : Operation 87 [1/1] (1.82ns)   --->   "%cmp31_29 = icmp_ugt  i6 %select_ln33, i6 29" [src/fir_filter.cpp:33]   --->   Operation 87 'icmp' 'cmp31_29' <Predicate = true> <Delay = 1.82> <CoreInst = "Cmp">   --->   Core 9 'Cmp' <Latency = 0> <II = 1> <Delay = 1.82> <FuncUnit> <Opcode : 'seteq' 'setne' 'setle' 'setge' 'setlt' 'setgt'> <InPorts = 2> <OutPorts = 1>
ST_2 : Operation 88 [1/1] (1.82ns)   --->   "%cmp31_30 = icmp_ugt  i6 %select_ln33, i6 30" [src/fir_filter.cpp:33]   --->   Operation 88 'icmp' 'cmp31_30' <Predicate = true> <Delay = 1.82> <CoreInst = "Cmp">   --->   Core 9 'Cmp' <Latency = 0> <II = 1> <Delay = 1.82> <FuncUnit> <Opcode : 'seteq' 'setne' 'setle' 'setge' 'setlt' 'setgt'> <InPorts = 2> <OutPorts = 1>
ST_2 : Operation 89 [1/1] (0.00ns)   --->   "%tmp_5 = bitselect i1 @_ssdm_op_BitSelect.i1.i6.i32, i6 %select_ln33, i32 5" [src/fir_filter.cpp:33]   --->   Operation 89 'bitselect' 'tmp_5' <Predicate = true> <Delay = 0.00>
ST_2 : Operation 90 [1/1] (2.55ns)   --->   "%empty_49 = icmp_sgt  i32 %select_ln44, i32 4294966271" [src/fir_filter.cpp:44]   --->   Operation 90 'icmp' 'empty_49' <Predicate = true> <Delay = 2.55> <CoreInst = "Cmp">   --->   Core 9 'Cmp' <Latency = 0> <II = 1> <Delay = 2.55> <FuncUnit> <Opcode : 'seteq' 'setne' 'setle' 'setge' 'setlt' 'setgt'> <InPorts = 2> <OutPorts = 1>
ST_2 : Operation 91 [1/1] (0.00ns) (grouped into LUT with out node select_ln44_1)   --->   "%xor_ln44_1 = xor i32 %select_ln44, i32 4294967295" [src/fir_filter.cpp:44]   --->   Operation 91 'xor' 'xor_ln44_1' <Predicate = true> <Delay = 0.00> <CoreInst = "LogicGate">   --->   Core 74 'LogicGate' <Latency = 0> <II = 1> <Delay = 0.99> <FuncUnit> <Opcode : 'and' 'or' 'xor'> <InPorts = 2> <OutPorts = 1>
ST_2 : Operation 92 [1/1] (0.99ns) (out node of the LUT)   --->   "%select_ln44_1 = select i1 %empty_49, i32 %xor_ln44_1, i32 1024" [src/fir_filter.cpp:44]   --->   Operation 92 'select' 'select_ln44_1' <Predicate = true> <Delay = 0.99> <CoreInst = "Sel">   --->   Core 73 'Sel' <Latency = 0> <II = 1> <Delay = 0.69> <FuncUnit> <Opcode : 'select'> <InPorts = 3> <OutPorts = 1>
ST_2 : Operation 93 [1/1] (0.00ns)   --->   "%empty_50 = wait i32 @_ssdm_op_Wait"   --->   Operation 93 'wait' 'empty_50' <Predicate = true> <Delay = 0.00>
ST_2 : Operation 94 [2/2] (2.10ns)   --->   "%call_ln44 = call void @fir_filter_Pipeline_sample_loop, i32 %select_ln44_1, i32 %in_stream_V_data_V, i4 %in_stream_V_keep_V, i4 %in_stream_V_strb_V, i1 %in_stream_V_last_V, i16 %coeffs_0_read, i16 %coeffs_1_read, i1 %icmp, i16 %coeffs_2_read, i1 %cmp31_2, i16 %coeffs_3_read, i1 %icmp4, i16 %coeffs_4_read, i1 %cmp31_4, i16 %coeffs_5_read, i1 %cmp31_5, i16 %coeffs_6_read, i1 %cmp31_6, i16 %coeffs_7_read, i1 %icmp7, i16 %coeffs_8_read, i1 %cmp31_8, i16 %coeffs_9_read, i1 %cmp31_9, i16 %coeffs_10_read, i1 %cmp31_10, i16 %coeffs_11_read, i1 %cmp31_11, i16 %coeffs_12_read, i1 %cmp31_12, i16 %coeffs_13_read, i1 %cmp31_13, i16 %coeffs_14_read, i1 %cmp31_14, i16 %coeffs_15_read, i1 %icmp10, i16 %coeffs_16_read, i1 %cmp31_16, i16 %coeffs_17_read, i1 %cmp31_17, i16 %coeffs_18_read, i1 %cmp31_18, i16 %coeffs_19_read, i1 %cmp31_19, i16 %coeffs_20_read, i1 %cmp31_20, i16 %coeffs_21_read, i1 %cmp31_21, i16 %coeffs_22_read, i1 %cmp31_22, i16 %coeffs_23_read, i1 %cmp31_23, i16 %coeffs_24_read, i1 %cmp31_24, i16 %coeffs_25_read, i1 %cmp31_25, i16 %coeffs_26_read, i1 %cmp31_26, i16 %coeffs_27_read, i1 %cmp31_27, i16 %coeffs_28_read, i1 %cmp31_28, i16 %coeffs_29_read, i1 %cmp31_29, i16 %coeffs_30_read, i1 %cmp31_30, i16 %coeffs_31_read, i1 %tmp_5, i11 %sub50, i32 %out_stream_V_data_V, i4 %out_stream_V_keep_V, i4 %out_stream_V_strb_V, i1 %out_stream_V_last_V" [src/fir_filter.cpp:44]   --->   Operation 94 'call' 'call_ln44' <Predicate = true> <Delay = 2.10> <CoreType = "Generic">   --->   Core 0 '' <Latency = 0> <II = 1> <Delay = 1.00> <Generic> <Opcode : >

State 3 <SV = 2> <Delay = 4.08>
ST_3 : Operation 95 [1/2] (4.08ns)   --->   "%call_ln44 = call void @fir_filter_Pipeline_sample_loop, i32 %select_ln44_1, i32 %in_stream_V_data_V, i4 %in_stream_V_keep_V, i4 %in_stream_V_strb_V, i1 %in_stream_V_last_V, i16 %coeffs_0_read, i16 %coeffs_1_read, i1 %icmp, i16 %coeffs_2_read, i1 %cmp31_2, i16 %coeffs_3_read, i1 %icmp4, i16 %coeffs_4_read, i1 %cmp31_4, i16 %coeffs_5_read, i1 %cmp31_5, i16 %coeffs_6_read, i1 %cmp31_6, i16 %coeffs_7_read, i1 %icmp7, i16 %coeffs_8_read, i1 %cmp31_8, i16 %coeffs_9_read, i1 %cmp31_9, i16 %coeffs_10_read, i1 %cmp31_10, i16 %coeffs_11_read, i1 %cmp31_11, i16 %coeffs_12_read, i1 %cmp31_12, i16 %coeffs_13_read, i1 %cmp31_13, i16 %coeffs_14_read, i1 %cmp31_14, i16 %coeffs_15_read, i1 %icmp10, i16 %coeffs_16_read, i1 %cmp31_16, i16 %coeffs_17_read, i1 %cmp31_17, i16 %coeffs_18_read, i1 %cmp31_18, i16 %coeffs_19_read, i1 %cmp31_19, i16 %coeffs_20_read, i1 %cmp31_20, i16 %coeffs_21_read, i1 %cmp31_21, i16 %coeffs_22_read, i1 %cmp31_22, i16 %coeffs_23_read, i1 %cmp31_23, i16 %coeffs_24_read, i1 %cmp31_24, i16 %coeffs_25_read, i1 %cmp31_25, i16 %coeffs_26_read, i1 %cmp31_26, i16 %coeffs_27_read, i1 %cmp31_27, i16 %coeffs_28_read, i1 %cmp31_28, i16 %coeffs_29_read, i1 %cmp31_29, i16 %coeffs_30_read, i1 %cmp31_30, i16 %coeffs_31_read, i1 %tmp_5, i11 %sub50, i32 %out_stream_V_data_V, i4 %out_stream_V_keep_V, i4 %out_stream_V_strb_V, i1 %out_stream_V_last_V" [src/fir_filter.cpp:44]   --->   Operation 95 'call' 'call_ln44' <Predicate = true> <Delay = 4.08> <CoreType = "Generic">   --->   Core 0 '' <Latency = 0> <II = 1> <Delay = 1.00> <Generic> <Opcode : >

State 4 <SV = 3> <Delay = 0.00>
ST_4 : Operation 96 [1/1] (0.00ns)   --->   "%spectopmodule_ln3 = spectopmodule void @_ssdm_op_SpecTopModule, void @empty_39" [src/fir_filter.cpp:3]   --->   Operation 96 'spectopmodule' 'spectopmodule_ln3' <Predicate = true> <Delay = 0.00>
ST_4 : Operation 97 [1/1] (0.00ns)   --->   "%specinterface_ln0 = specinterface void @_ssdm_op_SpecInterface, i32 %in_stream_V_data_V, i4 %in_stream_V_keep_V, i4 %in_stream_V_strb_V, i1 %in_stream_V_last_V, void @empty_32, i32 1, i32 1, void @empty_41, i32 0, i32 0, void @empty, void @empty, void @empty, i32 0, i32 0, i32 0, i32 0, void @empty, void @empty, i32 4294967295, i32 0, i32 0"   --->   Operation 97 'specinterface' 'specinterface_ln0' <Predicate = true> <Delay = 0.00>
ST_4 : Operation 98 [1/1] (0.00ns)   --->   "%specbitsmap_ln0 = specbitsmap void @_ssdm_op_SpecBitsMap, i32 %in_stream_V_data_V"   --->   Operation 98 'specbitsmap' 'specbitsmap_ln0' <Predicate = true> <Delay = 0.00>
ST_4 : Operation 99 [1/1] (0.00ns)   --->   "%specbitsmap_ln0 = specbitsmap void @_ssdm_op_SpecBitsMap, i4 %in_stream_V_keep_V"   --->   Operation 99 'specbitsmap' 'specbitsmap_ln0' <Predicate = true> <Delay = 0.00>
ST_4 : Operation 100 [1/1] (0.00ns)   --->   "%specbitsmap_ln0 = specbitsmap void @_ssdm_op_SpecBitsMap, i4 %in_stream_V_strb_V"   --->   Operation 100 'specbitsmap' 'specbitsmap_ln0' <Predicate = true> <Delay = 0.00>
ST_4 : Operation 101 [1/1] (0.00ns)   --->   "%specbitsmap_ln0 = specbitsmap void @_ssdm_op_SpecBitsMap, i1 %in_stream_V_last_V"   --->   Operation 101 'specbitsmap' 'specbitsmap_ln0' <Predicate = true> <Delay = 0.00>
ST_4 : Operation 102 [1/1] (0.00ns)   --->   "%specinterface_ln0 = specinterface void @_ssdm_op_SpecInterface, i32 %out_stream_V_data_V, i4 %out_stream_V_keep_V, i4 %out_stream_V_strb_V, i1 %out_stream_V_last_V, void @empty_32, i32 1, i32 1, void @empty_41, i32 0, i32 0, void @empty, void @empty, void @empty, i32 0, i32 0, i32 0, i32 0, void @empty, void @empty, i32 4294967295, i32 0, i32 0"   --->   Operation 102 'specinterface' 'specinterface_ln0' <Predicate = true> <Delay = 0.00>
ST_4 : Operation 103 [1/1] (0.00ns)   --->   "%specbitsmap_ln0 = specbitsmap void @_ssdm_op_SpecBitsMap, i32 %out_stream_V_data_V"   --->   Operation 103 'specbitsmap' 'specbitsmap_ln0' <Predicate = true> <Delay = 0.00>
ST_4 : Operation 104 [1/1] (0.00ns)   --->   "%specbitsmap_ln0 = specbitsmap void @_ssdm_op_SpecBitsMap, i4 %out_stream_V_keep_V"   --->   Operation 104 'specbitsmap' 'specbitsmap_ln0' <Predicate = true> <Delay = 0.00>
ST_4 : Operation 105 [1/1] (0.00ns)   --->   "%specbitsmap_ln0 = specbitsmap void @_ssdm_op_SpecBitsMap, i4 %out_stream_V_strb_V"   --->   Operation 105 'specbitsmap' 'specbitsmap_ln0' <Predicate = true> <Delay = 0.00>
ST_4 : Operation 106 [1/1] (0.00ns)   --->   "%specbitsmap_ln0 = specbitsmap void @_ssdm_op_SpecBitsMap, i1 %out_stream_V_last_V"   --->   Operation 106 'specbitsmap' 'specbitsmap_ln0' <Predicate = true> <Delay = 0.00>
ST_4 : Operation 107 [1/1] (0.00ns)   --->   "%specbitsmap_ln0 = specbitsmap void @_ssdm_op_SpecBitsMap, i16 %coeffs_0"   --->   Operation 107 'specbitsmap' 'specbitsmap_ln0' <Predicate = true> <Delay = 0.00>
ST_4 : Operation 108 [1/1] (0.00ns)   --->   "%specinterface_ln0 = specinterface void @_ssdm_op_SpecInterface, i16 %coeffs_0, void @empty_0, i32 4294967295, i32 4294967295, void @empty_41, i32 0, i32 0, void @empty_1, void @empty_2, void @empty, i32 0, i32 0, i32 0, i32 0, void @empty, void @empty, i32 4294967295, i32 0, i32 0"   --->   Operation 108 'specinterface' 'specinterface_ln0' <Predicate = true> <Delay = 0.00>
ST_4 : Operation 109 [1/1] (0.00ns)   --->   "%specinterface_ln0 = specinterface void @_ssdm_op_SpecInterface, i16 %coeffs_0, void @empty_3, i32 4294967295, i32 4294967295, void @empty, i32 0, i32 0, void @empty, void @empty, void @empty, i32 0, i32 0, i32 0, i32 0, void @empty, void @empty, i32 4294967295, i32 0, i32 0"   --->   Operation 109 'specinterface' 'specinterface_ln0' <Predicate = true> <Delay = 0.00>
ST_4 : Operation 110 [1/1] (0.00ns)   --->   "%specbitsmap_ln0 = specbitsmap void @_ssdm_op_SpecBitsMap, i16 %coeffs_1"   --->   Operation 110 'specbitsmap' 'specbitsmap_ln0' <Predicate = true> <Delay = 0.00>
ST_4 : Operation 111 [1/1] (0.00ns)   --->   "%specinterface_ln0 = specinterface void @_ssdm_op_SpecInterface, i16 %coeffs_1, void @empty_0, i32 4294967295, i32 4294967295, void @empty_41, i32 0, i32 0, void @empty_1, void @empty_4, void @empty, i32 0, i32 0, i32 0, i32 0, void @empty, void @empty, i32 4294967295, i32 0, i32 0"   --->   Operation 111 'specinterface' 'specinterface_ln0' <Predicate = true> <Delay = 0.00>
ST_4 : Operation 112 [1/1] (0.00ns)   --->   "%specinterface_ln0 = specinterface void @_ssdm_op_SpecInterface, i16 %coeffs_1, void @empty_3, i32 4294967295, i32 4294967295, void @empty, i32 0, i32 0, void @empty, void @empty, void @empty, i32 0, i32 0, i32 0, i32 0, void @empty, void @empty, i32 4294967295, i32 0, i32 0"   --->   Operation 112 'specinterface' 'specinterface_ln0' <Predicate = true> <Delay = 0.00>
ST_4 : Operation 113 [1/1] (0.00ns)   --->   "%specbitsmap_ln0 = specbitsmap void @_ssdm_op_SpecBitsMap, i16 %coeffs_2"   --->   Operation 113 'specbitsmap' 'specbitsmap_ln0' <Predicate = true> <Delay = 0.00>
ST_4 : Operation 114 [1/1] (0.00ns)   --->   "%specinterface_ln0 = specinterface void @_ssdm_op_SpecInterface, i16 %coeffs_2, void @empty_0, i32 4294967295, i32 4294967295, void @empty_41, i32 0, i32 0, void @empty_1, void @empty_5, void @empty, i32 0, i32 0, i32 0, i32 0, void @empty, void @empty, i32 4294967295, i32 0, i32 0"   --->   Operation 114 'specinterface' 'specinterface_ln0' <Predicate = true> <Delay = 0.00>
ST_4 : Operation 115 [1/1] (0.00ns)   --->   "%specinterface_ln0 = specinterface void @_ssdm_op_SpecInterface, i16 %coeffs_2, void @empty_3, i32 4294967295, i32 4294967295, void @empty, i32 0, i32 0, void @empty, void @empty, void @empty, i32 0, i32 0, i32 0, i32 0, void @empty, void @empty, i32 4294967295, i32 0, i32 0"   --->   Operation 115 'specinterface' 'specinterface_ln0' <Predicate = true> <Delay = 0.00>
ST_4 : Operation 116 [1/1] (0.00ns)   --->   "%specbitsmap_ln0 = specbitsmap void @_ssdm_op_SpecBitsMap, i16 %coeffs_3"   --->   Operation 116 'specbitsmap' 'specbitsmap_ln0' <Predicate = true> <Delay = 0.00>
ST_4 : Operation 117 [1/1] (0.00ns)   --->   "%specinterface_ln0 = specinterface void @_ssdm_op_SpecInterface, i16 %coeffs_3, void @empty_0, i32 4294967295, i32 4294967295, void @empty_41, i32 0, i32 0, void @empty_1, void @empty_6, void @empty, i32 0, i32 0, i32 0, i32 0, void @empty, void @empty, i32 4294967295, i32 0, i32 0"   --->   Operation 117 'specinterface' 'specinterface_ln0' <Predicate = true> <Delay = 0.00>
ST_4 : Operation 118 [1/1] (0.00ns)   --->   "%specinterface_ln0 = specinterface void @_ssdm_op_SpecInterface, i16 %coeffs_3, void @empty_3, i32 4294967295, i32 4294967295, void @empty, i32 0, i32 0, void @empty, void @empty, void @empty, i32 0, i32 0, i32 0, i32 0, void @empty, void @empty, i32 4294967295, i32 0, i32 0"   --->   Operation 118 'specinterface' 'specinterface_ln0' <Predicate = true> <Delay = 0.00>
ST_4 : Operation 119 [1/1] (0.00ns)   --->   "%specbitsmap_ln0 = specbitsmap void @_ssdm_op_SpecBitsMap, i16 %coeffs_4"   --->   Operation 119 'specbitsmap' 'specbitsmap_ln0' <Predicate = true> <Delay = 0.00>
ST_4 : Operation 120 [1/1] (0.00ns)   --->   "%specinterface_ln0 = specinterface void @_ssdm_op_SpecInterface, i16 %coeffs_4, void @empty_0, i32 4294967295, i32 4294967295, void @empty_41, i32 0, i32 0, void @empty_1, void @empty_7, void @empty, i32 0, i32 0, i32 0, i32 0, void @empty, void @empty, i32 4294967295, i32 0, i32 0"   --->   Operation 120 'specinterface' 'specinterface_ln0' <Predicate = true> <Delay = 0.00>
ST_4 : Operation 121 [1/1] (0.00ns)   --->   "%specinterface_ln0 = specinterface void @_ssdm_op_SpecInterface, i16 %coeffs_4, void @empty_3, i32 4294967295, i32 4294967295, void @empty, i32 0, i32 0, void @empty, void @empty, void @empty, i32 0, i32 0, i32 0, i32 0, void @empty, void @empty, i32 4294967295, i32 0, i32 0"   --->   Operation 121 'specinterface' 'specinterface_ln0' <Predicate = true> <Delay = 0.00>
ST_4 : Operation 122 [1/1] (0.00ns)   --->   "%specbitsmap_ln0 = specbitsmap void @_ssdm_op_SpecBitsMap, i16 %coeffs_5"   --->   Operation 122 'specbitsmap' 'specbitsmap_ln0' <Predicate = true> <Delay = 0.00>
ST_4 : Operation 123 [1/1] (0.00ns)   --->   "%specinterface_ln0 = specinterface void @_ssdm_op_SpecInterface, i16 %coeffs_5, void @empty_0, i32 4294967295, i32 4294967295, void @empty_41, i32 0, i32 0, void @empty_1, void @empty_8, void @empty, i32 0, i32 0, i32 0, i32 0, void @empty, void @empty, i32 4294967295, i32 0, i32 0"   --->   Operation 123 'specinterface' 'specinterface_ln0' <Predicate = true> <Delay = 0.00>
ST_4 : Operation 124 [1/1] (0.00ns)   --->   "%specinterface_ln0 = specinterface void @_ssdm_op_SpecInterface, i16 %coeffs_5, void @empty_3, i32 4294967295, i32 4294967295, void @empty, i32 0, i32 0, void @empty, void @empty, void @empty, i32 0, i32 0, i32 0, i32 0, void @empty, void @empty, i32 4294967295, i32 0, i32 0"   --->   Operation 124 'specinterface' 'specinterface_ln0' <Predicate = true> <Delay = 0.00>
ST_4 : Operation 125 [1/1] (0.00ns)   --->   "%specbitsmap_ln0 = specbitsmap void @_ssdm_op_SpecBitsMap, i16 %coeffs_6"   --->   Operation 125 'specbitsmap' 'specbitsmap_ln0' <Predicate = true> <Delay = 0.00>
ST_4 : Operation 126 [1/1] (0.00ns)   --->   "%specinterface_ln0 = specinterface void @_ssdm_op_SpecInterface, i16 %coeffs_6, void @empty_0, i32 4294967295, i32 4294967295, void @empty_41, i32 0, i32 0, void @empty_1, void @empty_9, void @empty, i32 0, i32 0, i32 0, i32 0, void @empty, void @empty, i32 4294967295, i32 0, i32 0"   --->   Operation 126 'specinterface' 'specinterface_ln0' <Predicate = true> <Delay = 0.00>
ST_4 : Operation 127 [1/1] (0.00ns)   --->   "%specinterface_ln0 = specinterface void @_ssdm_op_SpecInterface, i16 %coeffs_6, void @empty_3, i32 4294967295, i32 4294967295, void @empty, i32 0, i32 0, void @empty, void @empty, void @empty, i32 0, i32 0, i32 0, i32 0, void @empty, void @empty, i32 4294967295, i32 0, i32 0"   --->   Operation 127 'specinterface' 'specinterface_ln0' <Predicate = true> <Delay = 0.00>
ST_4 : Operation 128 [1/1] (0.00ns)   --->   "%specbitsmap_ln0 = specbitsmap void @_ssdm_op_SpecBitsMap, i16 %coeffs_7"   --->   Operation 128 'specbitsmap' 'specbitsmap_ln0' <Predicate = true> <Delay = 0.00>
ST_4 : Operation 129 [1/1] (0.00ns)   --->   "%specinterface_ln0 = specinterface void @_ssdm_op_SpecInterface, i16 %coeffs_7, void @empty_0, i32 4294967295, i32 4294967295, void @empty_41, i32 0, i32 0, void @empty_1, void @empty_10, void @empty, i32 0, i32 0, i32 0, i32 0, void @empty, void @empty, i32 4294967295, i32 0, i32 0"   --->   Operation 129 'specinterface' 'specinterface_ln0' <Predicate = true> <Delay = 0.00>
ST_4 : Operation 130 [1/1] (0.00ns)   --->   "%specinterface_ln0 = specinterface void @_ssdm_op_SpecInterface, i16 %coeffs_7, void @empty_3, i32 4294967295, i32 4294967295, void @empty, i32 0, i32 0, void @empty, void @empty, void @empty, i32 0, i32 0, i32 0, i32 0, void @empty, void @empty, i32 4294967295, i32 0, i32 0"   --->   Operation 130 'specinterface' 'specinterface_ln0' <Predicate = true> <Delay = 0.00>
ST_4 : Operation 131 [1/1] (0.00ns)   --->   "%specbitsmap_ln0 = specbitsmap void @_ssdm_op_SpecBitsMap, i16 %coeffs_8"   --->   Operation 131 'specbitsmap' 'specbitsmap_ln0' <Predicate = true> <Delay = 0.00>
ST_4 : Operation 132 [1/1] (0.00ns)   --->   "%specinterface_ln0 = specinterface void @_ssdm_op_SpecInterface, i16 %coeffs_8, void @empty_0, i32 4294967295, i32 4294967295, void @empty_41, i32 0, i32 0, void @empty_1, void @empty_11, void @empty, i32 0, i32 0, i32 0, i32 0, void @empty, void @empty, i32 4294967295, i32 0, i32 0"   --->   Operation 132 'specinterface' 'specinterface_ln0' <Predicate = true> <Delay = 0.00>
ST_4 : Operation 133 [1/1] (0.00ns)   --->   "%specinterface_ln0 = specinterface void @_ssdm_op_SpecInterface, i16 %coeffs_8, void @empty_3, i32 4294967295, i32 4294967295, void @empty, i32 0, i32 0, void @empty, void @empty, void @empty, i32 0, i32 0, i32 0, i32 0, void @empty, void @empty, i32 4294967295, i32 0, i32 0"   --->   Operation 133 'specinterface' 'specinterface_ln0' <Predicate = true> <Delay = 0.00>
ST_4 : Operation 134 [1/1] (0.00ns)   --->   "%specbitsmap_ln0 = specbitsmap void @_ssdm_op_SpecBitsMap, i16 %coeffs_9"   --->   Operation 134 'specbitsmap' 'specbitsmap_ln0' <Predicate = true> <Delay = 0.00>
ST_4 : Operation 135 [1/1] (0.00ns)   --->   "%specinterface_ln0 = specinterface void @_ssdm_op_SpecInterface, i16 %coeffs_9, void @empty_0, i32 4294967295, i32 4294967295, void @empty_41, i32 0, i32 0, void @empty_1, void @empty_12, void @empty, i32 0, i32 0, i32 0, i32 0, void @empty, void @empty, i32 4294967295, i32 0, i32 0"   --->   Operation 135 'specinterface' 'specinterface_ln0' <Predicate = true> <Delay = 0.00>
ST_4 : Operation 136 [1/1] (0.00ns)   --->   "%specinterface_ln0 = specinterface void @_ssdm_op_SpecInterface, i16 %coeffs_9, void @empty_3, i32 4294967295, i32 4294967295, void @empty, i32 0, i32 0, void @empty, void @empty, void @empty, i32 0, i32 0, i32 0, i32 0, void @empty, void @empty, i32 4294967295, i32 0, i32 0"   --->   Operation 136 'specinterface' 'specinterface_ln0' <Predicate = true> <Delay = 0.00>
ST_4 : Operation 137 [1/1] (0.00ns)   --->   "%specbitsmap_ln0 = specbitsmap void @_ssdm_op_SpecBitsMap, i16 %coeffs_10"   --->   Operation 137 'specbitsmap' 'specbitsmap_ln0' <Predicate = true> <Delay = 0.00>
ST_4 : Operation 138 [1/1] (0.00ns)   --->   "%specinterface_ln0 = specinterface void @_ssdm_op_SpecInterface, i16 %coeffs_10, void @empty_0, i32 4294967295, i32 4294967295, void @empty_41, i32 0, i32 0, void @empty_1, void @empty_13, void @empty, i32 0, i32 0, i32 0, i32 0, void @empty, void @empty, i32 4294967295, i32 0, i32 0"   --->   Operation 138 'specinterface' 'specinterface_ln0' <Predicate = true> <Delay = 0.00>
ST_4 : Operation 139 [1/1] (0.00ns)   --->   "%specinterface_ln0 = specinterface void @_ssdm_op_SpecInterface, i16 %coeffs_10, void @empty_3, i32 4294967295, i32 4294967295, void @empty, i32 0, i32 0, void @empty, void @empty, void @empty, i32 0, i32 0, i32 0, i32 0, void @empty, void @empty, i32 4294967295, i32 0, i32 0"   --->   Operation 139 'specinterface' 'specinterface_ln0' <Predicate = true> <Delay = 0.00>
ST_4 : Operation 140 [1/1] (0.00ns)   --->   "%specbitsmap_ln0 = specbitsmap void @_ssdm_op_SpecBitsMap, i16 %coeffs_11"   --->   Operation 140 'specbitsmap' 'specbitsmap_ln0' <Predicate = true> <Delay = 0.00>
ST_4 : Operation 141 [1/1] (0.00ns)   --->   "%specinterface_ln0 = specinterface void @_ssdm_op_SpecInterface, i16 %coeffs_11, void @empty_0, i32 4294967295, i32 4294967295, void @empty_41, i32 0, i32 0, void @empty_1, void @empty_14, void @empty, i32 0, i32 0, i32 0, i32 0, void @empty, void @empty, i32 4294967295, i32 0, i32 0"   --->   Operation 141 'specinterface' 'specinterface_ln0' <Predicate = true> <Delay = 0.00>
ST_4 : Operation 142 [1/1] (0.00ns)   --->   "%specinterface_ln0 = specinterface void @_ssdm_op_SpecInterface, i16 %coeffs_11, void @empty_3, i32 4294967295, i32 4294967295, void @empty, i32 0, i32 0, void @empty, void @empty, void @empty, i32 0, i32 0, i32 0, i32 0, void @empty, void @empty, i32 4294967295, i32 0, i32 0"   --->   Operation 142 'specinterface' 'specinterface_ln0' <Predicate = true> <Delay = 0.00>
ST_4 : Operation 143 [1/1] (0.00ns)   --->   "%specbitsmap_ln0 = specbitsmap void @_ssdm_op_SpecBitsMap, i16 %coeffs_12"   --->   Operation 143 'specbitsmap' 'specbitsmap_ln0' <Predicate = true> <Delay = 0.00>
ST_4 : Operation 144 [1/1] (0.00ns)   --->   "%specinterface_ln0 = specinterface void @_ssdm_op_SpecInterface, i16 %coeffs_12, void @empty_0, i32 4294967295, i32 4294967295, void @empty_41, i32 0, i32 0, void @empty_1, void @empty_15, void @empty, i32 0, i32 0, i32 0, i32 0, void @empty, void @empty, i32 4294967295, i32 0, i32 0"   --->   Operation 144 'specinterface' 'specinterface_ln0' <Predicate = true> <Delay = 0.00>
ST_4 : Operation 145 [1/1] (0.00ns)   --->   "%specinterface_ln0 = specinterface void @_ssdm_op_SpecInterface, i16 %coeffs_12, void @empty_3, i32 4294967295, i32 4294967295, void @empty, i32 0, i32 0, void @empty, void @empty, void @empty, i32 0, i32 0, i32 0, i32 0, void @empty, void @empty, i32 4294967295, i32 0, i32 0"   --->   Operation 145 'specinterface' 'specinterface_ln0' <Predicate = true> <Delay = 0.00>
ST_4 : Operation 146 [1/1] (0.00ns)   --->   "%specbitsmap_ln0 = specbitsmap void @_ssdm_op_SpecBitsMap, i16 %coeffs_13"   --->   Operation 146 'specbitsmap' 'specbitsmap_ln0' <Predicate = true> <Delay = 0.00>
ST_4 : Operation 147 [1/1] (0.00ns)   --->   "%specinterface_ln0 = specinterface void @_ssdm_op_SpecInterface, i16 %coeffs_13, void @empty_0, i32 4294967295, i32 4294967295, void @empty_41, i32 0, i32 0, void @empty_1, void @empty_16, void @empty, i32 0, i32 0, i32 0, i32 0, void @empty, void @empty, i32 4294967295, i32 0, i32 0"   --->   Operation 147 'specinterface' 'specinterface_ln0' <Predicate = true> <Delay = 0.00>
ST_4 : Operation 148 [1/1] (0.00ns)   --->   "%specinterface_ln0 = specinterface void @_ssdm_op_SpecInterface, i16 %coeffs_13, void @empty_3, i32 4294967295, i32 4294967295, void @empty, i32 0, i32 0, void @empty, void @empty, void @empty, i32 0, i32 0, i32 0, i32 0, void @empty, void @empty, i32 4294967295, i32 0, i32 0"   --->   Operation 148 'specinterface' 'specinterface_ln0' <Predicate = true> <Delay = 0.00>
ST_4 : Operation 149 [1/1] (0.00ns)   --->   "%specbitsmap_ln0 = specbitsmap void @_ssdm_op_SpecBitsMap, i16 %coeffs_14"   --->   Operation 149 'specbitsmap' 'specbitsmap_ln0' <Predicate = true> <Delay = 0.00>
ST_4 : Operation 150 [1/1] (0.00ns)   --->   "%specinterface_ln0 = specinterface void @_ssdm_op_SpecInterface, i16 %coeffs_14, void @empty_0, i32 4294967295, i32 4294967295, void @empty_41, i32 0, i32 0, void @empty_1, void @empty_17, void @empty, i32 0, i32 0, i32 0, i32 0, void @empty, void @empty, i32 4294967295, i32 0, i32 0"   --->   Operation 150 'specinterface' 'specinterface_ln0' <Predicate = true> <Delay = 0.00>
ST_4 : Operation 151 [1/1] (0.00ns)   --->   "%specinterface_ln0 = specinterface void @_ssdm_op_SpecInterface, i16 %coeffs_14, void @empty_3, i32 4294967295, i32 4294967295, void @empty, i32 0, i32 0, void @empty, void @empty, void @empty, i32 0, i32 0, i32 0, i32 0, void @empty, void @empty, i32 4294967295, i32 0, i32 0"   --->   Operation 151 'specinterface' 'specinterface_ln0' <Predicate = true> <Delay = 0.00>
ST_4 : Operation 152 [1/1] (0.00ns)   --->   "%specbitsmap_ln0 = specbitsmap void @_ssdm_op_SpecBitsMap, i16 %coeffs_15"   --->   Operation 152 'specbitsmap' 'specbitsmap_ln0' <Predicate = true> <Delay = 0.00>
ST_4 : Operation 153 [1/1] (0.00ns)   --->   "%specinterface_ln0 = specinterface void @_ssdm_op_SpecInterface, i16 %coeffs_15, void @empty_0, i32 4294967295, i32 4294967295, void @empty_41, i32 0, i32 0, void @empty_1, void @empty_18, void @empty, i32 0, i32 0, i32 0, i32 0, void @empty, void @empty, i32 4294967295, i32 0, i32 0"   --->   Operation 153 'specinterface' 'specinterface_ln0' <Predicate = true> <Delay = 0.00>
ST_4 : Operation 154 [1/1] (0.00ns)   --->   "%specinterface_ln0 = specinterface void @_ssdm_op_SpecInterface, i16 %coeffs_15, void @empty_3, i32 4294967295, i32 4294967295, void @empty, i32 0, i32 0, void @empty, void @empty, void @empty, i32 0, i32 0, i32 0, i32 0, void @empty, void @empty, i32 4294967295, i32 0, i32 0"   --->   Operation 154 'specinterface' 'specinterface_ln0' <Predicate = true> <Delay = 0.00>
ST_4 : Operation 155 [1/1] (0.00ns)   --->   "%specbitsmap_ln0 = specbitsmap void @_ssdm_op_SpecBitsMap, i16 %coeffs_16"   --->   Operation 155 'specbitsmap' 'specbitsmap_ln0' <Predicate = true> <Delay = 0.00>
ST_4 : Operation 156 [1/1] (0.00ns)   --->   "%specinterface_ln0 = specinterface void @_ssdm_op_SpecInterface, i16 %coeffs_16, void @empty_0, i32 4294967295, i32 4294967295, void @empty_41, i32 0, i32 0, void @empty_1, void @empty_19, void @empty, i32 0, i32 0, i32 0, i32 0, void @empty, void @empty, i32 4294967295, i32 0, i32 0"   --->   Operation 156 'specinterface' 'specinterface_ln0' <Predicate = true> <Delay = 0.00>
ST_4 : Operation 157 [1/1] (0.00ns)   --->   "%specinterface_ln0 = specinterface void @_ssdm_op_SpecInterface, i16 %coeffs_16, void @empty_3, i32 4294967295, i32 4294967295, void @empty, i32 0, i32 0, void @empty, void @empty, void @empty, i32 0, i32 0, i32 0, i32 0, void @empty, void @empty, i32 4294967295, i32 0, i32 0"   --->   Operation 157 'specinterface' 'specinterface_ln0' <Predicate = true> <Delay = 0.00>
ST_4 : Operation 158 [1/1] (0.00ns)   --->   "%specbitsmap_ln0 = specbitsmap void @_ssdm_op_SpecBitsMap, i16 %coeffs_17"   --->   Operation 158 'specbitsmap' 'specbitsmap_ln0' <Predicate = true> <Delay = 0.00>
ST_4 : Operation 159 [1/1] (0.00ns)   --->   "%specinterface_ln0 = specinterface void @_ssdm_op_SpecInterface, i16 %coeffs_17, void @empty_0, i32 4294967295, i32 4294967295, void @empty_41, i32 0, i32 0, void @empty_1, void @empty_20, void @empty, i32 0, i32 0, i32 0, i32 0, void @empty, void @empty, i32 4294967295, i32 0, i32 0"   --->   Operation 159 'specinterface' 'specinterface_ln0' <Predicate = true> <Delay = 0.00>
ST_4 : Operation 160 [1/1] (0.00ns)   --->   "%specinterface_ln0 = specinterface void @_ssdm_op_SpecInterface, i16 %coeffs_17, void @empty_3, i32 4294967295, i32 4294967295, void @empty, i32 0, i32 0, void @empty, void @empty, void @empty, i32 0, i32 0, i32 0, i32 0, void @empty, void @empty, i32 4294967295, i32 0, i32 0"   --->   Operation 160 'specinterface' 'specinterface_ln0' <Predicate = true> <Delay = 0.00>
ST_4 : Operation 161 [1/1] (0.00ns)   --->   "%specbitsmap_ln0 = specbitsmap void @_ssdm_op_SpecBitsMap, i16 %coeffs_18"   --->   Operation 161 'specbitsmap' 'specbitsmap_ln0' <Predicate = true> <Delay = 0.00>
ST_4 : Operation 162 [1/1] (0.00ns)   --->   "%specinterface_ln0 = specinterface void @_ssdm_op_SpecInterface, i16 %coeffs_18, void @empty_0, i32 4294967295, i32 4294967295, void @empty_41, i32 0, i32 0, void @empty_1, void @empty_21, void @empty, i32 0, i32 0, i32 0, i32 0, void @empty, void @empty, i32 4294967295, i32 0, i32 0"   --->   Operation 162 'specinterface' 'specinterface_ln0' <Predicate = true> <Delay = 0.00>
ST_4 : Operation 163 [1/1] (0.00ns)   --->   "%specinterface_ln0 = specinterface void @_ssdm_op_SpecInterface, i16 %coeffs_18, void @empty_3, i32 4294967295, i32 4294967295, void @empty, i32 0, i32 0, void @empty, void @empty, void @empty, i32 0, i32 0, i32 0, i32 0, void @empty, void @empty, i32 4294967295, i32 0, i32 0"   --->   Operation 163 'specinterface' 'specinterface_ln0' <Predicate = true> <Delay = 0.00>
ST_4 : Operation 164 [1/1] (0.00ns)   --->   "%specbitsmap_ln0 = specbitsmap void @_ssdm_op_SpecBitsMap, i16 %coeffs_19"   --->   Operation 164 'specbitsmap' 'specbitsmap_ln0' <Predicate = true> <Delay = 0.00>
ST_4 : Operation 165 [1/1] (0.00ns)   --->   "%specinterface_ln0 = specinterface void @_ssdm_op_SpecInterface, i16 %coeffs_19, void @empty_0, i32 4294967295, i32 4294967295, void @empty_41, i32 0, i32 0, void @empty_1, void @empty_22, void @empty, i32 0, i32 0, i32 0, i32 0, void @empty, void @empty, i32 4294967295, i32 0, i32 0"   --->   Operation 165 'specinterface' 'specinterface_ln0' <Predicate = true> <Delay = 0.00>
ST_4 : Operation 166 [1/1] (0.00ns)   --->   "%specinterface_ln0 = specinterface void @_ssdm_op_SpecInterface, i16 %coeffs_19, void @empty_3, i32 4294967295, i32 4294967295, void @empty, i32 0, i32 0, void @empty, void @empty, void @empty, i32 0, i32 0, i32 0, i32 0, void @empty, void @empty, i32 4294967295, i32 0, i32 0"   --->   Operation 166 'specinterface' 'specinterface_ln0' <Predicate = true> <Delay = 0.00>
ST_4 : Operation 167 [1/1] (0.00ns)   --->   "%specbitsmap_ln0 = specbitsmap void @_ssdm_op_SpecBitsMap, i16 %coeffs_20"   --->   Operation 167 'specbitsmap' 'specbitsmap_ln0' <Predicate = true> <Delay = 0.00>
ST_4 : Operation 168 [1/1] (0.00ns)   --->   "%specinterface_ln0 = specinterface void @_ssdm_op_SpecInterface, i16 %coeffs_20, void @empty_0, i32 4294967295, i32 4294967295, void @empty_41, i32 0, i32 0, void @empty_1, void @empty_23, void @empty, i32 0, i32 0, i32 0, i32 0, void @empty, void @empty, i32 4294967295, i32 0, i32 0"   --->   Operation 168 'specinterface' 'specinterface_ln0' <Predicate = true> <Delay = 0.00>
ST_4 : Operation 169 [1/1] (0.00ns)   --->   "%specinterface_ln0 = specinterface void @_ssdm_op_SpecInterface, i16 %coeffs_20, void @empty_3, i32 4294967295, i32 4294967295, void @empty, i32 0, i32 0, void @empty, void @empty, void @empty, i32 0, i32 0, i32 0, i32 0, void @empty, void @empty, i32 4294967295, i32 0, i32 0"   --->   Operation 169 'specinterface' 'specinterface_ln0' <Predicate = true> <Delay = 0.00>
ST_4 : Operation 170 [1/1] (0.00ns)   --->   "%specbitsmap_ln0 = specbitsmap void @_ssdm_op_SpecBitsMap, i16 %coeffs_21"   --->   Operation 170 'specbitsmap' 'specbitsmap_ln0' <Predicate = true> <Delay = 0.00>
ST_4 : Operation 171 [1/1] (0.00ns)   --->   "%specinterface_ln0 = specinterface void @_ssdm_op_SpecInterface, i16 %coeffs_21, void @empty_0, i32 4294967295, i32 4294967295, void @empty_41, i32 0, i32 0, void @empty_1, void @empty_24, void @empty, i32 0, i32 0, i32 0, i32 0, void @empty, void @empty, i32 4294967295, i32 0, i32 0"   --->   Operation 171 'specinterface' 'specinterface_ln0' <Predicate = true> <Delay = 0.00>
ST_4 : Operation 172 [1/1] (0.00ns)   --->   "%specinterface_ln0 = specinterface void @_ssdm_op_SpecInterface, i16 %coeffs_21, void @empty_3, i32 4294967295, i32 4294967295, void @empty, i32 0, i32 0, void @empty, void @empty, void @empty, i32 0, i32 0, i32 0, i32 0, void @empty, void @empty, i32 4294967295, i32 0, i32 0"   --->   Operation 172 'specinterface' 'specinterface_ln0' <Predicate = true> <Delay = 0.00>
ST_4 : Operation 173 [1/1] (0.00ns)   --->   "%specbitsmap_ln0 = specbitsmap void @_ssdm_op_SpecBitsMap, i16 %coeffs_22"   --->   Operation 173 'specbitsmap' 'specbitsmap_ln0' <Predicate = true> <Delay = 0.00>
ST_4 : Operation 174 [1/1] (0.00ns)   --->   "%specinterface_ln0 = specinterface void @_ssdm_op_SpecInterface, i16 %coeffs_22, void @empty_0, i32 4294967295, i32 4294967295, void @empty_41, i32 0, i32 0, void @empty_1, void @empty_25, void @empty, i32 0, i32 0, i32 0, i32 0, void @empty, void @empty, i32 4294967295, i32 0, i32 0"   --->   Operation 174 'specinterface' 'specinterface_ln0' <Predicate = true> <Delay = 0.00>
ST_4 : Operation 175 [1/1] (0.00ns)   --->   "%specinterface_ln0 = specinterface void @_ssdm_op_SpecInterface, i16 %coeffs_22, void @empty_3, i32 4294967295, i32 4294967295, void @empty, i32 0, i32 0, void @empty, void @empty, void @empty, i32 0, i32 0, i32 0, i32 0, void @empty, void @empty, i32 4294967295, i32 0, i32 0"   --->   Operation 175 'specinterface' 'specinterface_ln0' <Predicate = true> <Delay = 0.00>
ST_4 : Operation 176 [1/1] (0.00ns)   --->   "%specbitsmap_ln0 = specbitsmap void @_ssdm_op_SpecBitsMap, i16 %coeffs_23"   --->   Operation 176 'specbitsmap' 'specbitsmap_ln0' <Predicate = true> <Delay = 0.00>
ST_4 : Operation 177 [1/1] (0.00ns)   --->   "%specinterface_ln0 = specinterface void @_ssdm_op_SpecInterface, i16 %coeffs_23, void @empty_0, i32 4294967295, i32 4294967295, void @empty_41, i32 0, i32 0, void @empty_1, void @empty_26, void @empty, i32 0, i32 0, i32 0, i32 0, void @empty, void @empty, i32 4294967295, i32 0, i32 0"   --->   Operation 177 'specinterface' 'specinterface_ln0' <Predicate = true> <Delay = 0.00>
ST_4 : Operation 178 [1/1] (0.00ns)   --->   "%specinterface_ln0 = specinterface void @_ssdm_op_SpecInterface, i16 %coeffs_23, void @empty_3, i32 4294967295, i32 4294967295, void @empty, i32 0, i32 0, void @empty, void @empty, void @empty, i32 0, i32 0, i32 0, i32 0, void @empty, void @empty, i32 4294967295, i32 0, i32 0"   --->   Operation 178 'specinterface' 'specinterface_ln0' <Predicate = true> <Delay = 0.00>
ST_4 : Operation 179 [1/1] (0.00ns)   --->   "%specbitsmap_ln0 = specbitsmap void @_ssdm_op_SpecBitsMap, i16 %coeffs_24"   --->   Operation 179 'specbitsmap' 'specbitsmap_ln0' <Predicate = true> <Delay = 0.00>
ST_4 : Operation 180 [1/1] (0.00ns)   --->   "%specinterface_ln0 = specinterface void @_ssdm_op_SpecInterface, i16 %coeffs_24, void @empty_0, i32 4294967295, i32 4294967295, void @empty_41, i32 0, i32 0, void @empty_1, void @empty_27, void @empty, i32 0, i32 0, i32 0, i32 0, void @empty, void @empty, i32 4294967295, i32 0, i32 0"   --->   Operation 180 'specinterface' 'specinterface_ln0' <Predicate = true> <Delay = 0.00>
ST_4 : Operation 181 [1/1] (0.00ns)   --->   "%specinterface_ln0 = specinterface void @_ssdm_op_SpecInterface, i16 %coeffs_24, void @empty_3, i32 4294967295, i32 4294967295, void @empty, i32 0, i32 0, void @empty, void @empty, void @empty, i32 0, i32 0, i32 0, i32 0, void @empty, void @empty, i32 4294967295, i32 0, i32 0"   --->   Operation 181 'specinterface' 'specinterface_ln0' <Predicate = true> <Delay = 0.00>
ST_4 : Operation 182 [1/1] (0.00ns)   --->   "%specbitsmap_ln0 = specbitsmap void @_ssdm_op_SpecBitsMap, i16 %coeffs_25"   --->   Operation 182 'specbitsmap' 'specbitsmap_ln0' <Predicate = true> <Delay = 0.00>
ST_4 : Operation 183 [1/1] (0.00ns)   --->   "%specinterface_ln0 = specinterface void @_ssdm_op_SpecInterface, i16 %coeffs_25, void @empty_0, i32 4294967295, i32 4294967295, void @empty_41, i32 0, i32 0, void @empty_1, void @empty_28, void @empty, i32 0, i32 0, i32 0, i32 0, void @empty, void @empty, i32 4294967295, i32 0, i32 0"   --->   Operation 183 'specinterface' 'specinterface_ln0' <Predicate = true> <Delay = 0.00>
ST_4 : Operation 184 [1/1] (0.00ns)   --->   "%specinterface_ln0 = specinterface void @_ssdm_op_SpecInterface, i16 %coeffs_25, void @empty_3, i32 4294967295, i32 4294967295, void @empty, i32 0, i32 0, void @empty, void @empty, void @empty, i32 0, i32 0, i32 0, i32 0, void @empty, void @empty, i32 4294967295, i32 0, i32 0"   --->   Operation 184 'specinterface' 'specinterface_ln0' <Predicate = true> <Delay = 0.00>
ST_4 : Operation 185 [1/1] (0.00ns)   --->   "%specbitsmap_ln0 = specbitsmap void @_ssdm_op_SpecBitsMap, i16 %coeffs_26"   --->   Operation 185 'specbitsmap' 'specbitsmap_ln0' <Predicate = true> <Delay = 0.00>
ST_4 : Operation 186 [1/1] (0.00ns)   --->   "%specinterface_ln0 = specinterface void @_ssdm_op_SpecInterface, i16 %coeffs_26, void @empty_0, i32 4294967295, i32 4294967295, void @empty_41, i32 0, i32 0, void @empty_1, void @empty_29, void @empty, i32 0, i32 0, i32 0, i32 0, void @empty, void @empty, i32 4294967295, i32 0, i32 0"   --->   Operation 186 'specinterface' 'specinterface_ln0' <Predicate = true> <Delay = 0.00>
ST_4 : Operation 187 [1/1] (0.00ns)   --->   "%specinterface_ln0 = specinterface void @_ssdm_op_SpecInterface, i16 %coeffs_26, void @empty_3, i32 4294967295, i32 4294967295, void @empty, i32 0, i32 0, void @empty, void @empty, void @empty, i32 0, i32 0, i32 0, i32 0, void @empty, void @empty, i32 4294967295, i32 0, i32 0"   --->   Operation 187 'specinterface' 'specinterface_ln0' <Predicate = true> <Delay = 0.00>
ST_4 : Operation 188 [1/1] (0.00ns)   --->   "%specbitsmap_ln0 = specbitsmap void @_ssdm_op_SpecBitsMap, i16 %coeffs_27"   --->   Operation 188 'specbitsmap' 'specbitsmap_ln0' <Predicate = true> <Delay = 0.00>
ST_4 : Operation 189 [1/1] (0.00ns)   --->   "%specinterface_ln0 = specinterface void @_ssdm_op_SpecInterface, i16 %coeffs_27, void @empty_0, i32 4294967295, i32 4294967295, void @empty_41, i32 0, i32 0, void @empty_1, void @empty_30, void @empty, i32 0, i32 0, i32 0, i32 0, void @empty, void @empty, i32 4294967295, i32 0, i32 0"   --->   Operation 189 'specinterface' 'specinterface_ln0' <Predicate = true> <Delay = 0.00>
ST_4 : Operation 190 [1/1] (0.00ns)   --->   "%specinterface_ln0 = specinterface void @_ssdm_op_SpecInterface, i16 %coeffs_27, void @empty_3, i32 4294967295, i32 4294967295, void @empty, i32 0, i32 0, void @empty, void @empty, void @empty, i32 0, i32 0, i32 0, i32 0, void @empty, void @empty, i32 4294967295, i32 0, i32 0"   --->   Operation 190 'specinterface' 'specinterface_ln0' <Predicate = true> <Delay = 0.00>
ST_4 : Operation 191 [1/1] (0.00ns)   --->   "%specbitsmap_ln0 = specbitsmap void @_ssdm_op_SpecBitsMap, i16 %coeffs_28"   --->   Operation 191 'specbitsmap' 'specbitsmap_ln0' <Predicate = true> <Delay = 0.00>
ST_4 : Operation 192 [1/1] (0.00ns)   --->   "%specinterface_ln0 = specinterface void @_ssdm_op_SpecInterface, i16 %coeffs_28, void @empty_0, i32 4294967295, i32 4294967295, void @empty_41, i32 0, i32 0, void @empty_1, void @empty_31, void @empty, i32 0, i32 0, i32 0, i32 0, void @empty, void @empty, i32 4294967295, i32 0, i32 0"   --->   Operation 192 'specinterface' 'specinterface_ln0' <Predicate = true> <Delay = 0.00>
ST_4 : Operation 193 [1/1] (0.00ns)   --->   "%specinterface_ln0 = specinterface void @_ssdm_op_SpecInterface, i16 %coeffs_28, void @empty_3, i32 4294967295, i32 4294967295, void @empty, i32 0, i32 0, void @empty, void @empty, void @empty, i32 0, i32 0, i32 0, i32 0, void @empty, void @empty, i32 4294967295, i32 0, i32 0"   --->   Operation 193 'specinterface' 'specinterface_ln0' <Predicate = true> <Delay = 0.00>
ST_4 : Operation 194 [1/1] (0.00ns)   --->   "%specbitsmap_ln0 = specbitsmap void @_ssdm_op_SpecBitsMap, i16 %coeffs_29"   --->   Operation 194 'specbitsmap' 'specbitsmap_ln0' <Predicate = true> <Delay = 0.00>
ST_4 : Operation 195 [1/1] (0.00ns)   --->   "%specinterface_ln0 = specinterface void @_ssdm_op_SpecInterface, i16 %coeffs_29, void @empty_0, i32 4294967295, i32 4294967295, void @empty_41, i32 0, i32 0, void @empty_1, void @empty_37, void @empty, i32 0, i32 0, i32 0, i32 0, void @empty, void @empty, i32 4294967295, i32 0, i32 0"   --->   Operation 195 'specinterface' 'specinterface_ln0' <Predicate = true> <Delay = 0.00>
ST_4 : Operation 196 [1/1] (0.00ns)   --->   "%specinterface_ln0 = specinterface void @_ssdm_op_SpecInterface, i16 %coeffs_29, void @empty_3, i32 4294967295, i32 4294967295, void @empty, i32 0, i32 0, void @empty, void @empty, void @empty, i32 0, i32 0, i32 0, i32 0, void @empty, void @empty, i32 4294967295, i32 0, i32 0"   --->   Operation 196 'specinterface' 'specinterface_ln0' <Predicate = true> <Delay = 0.00>
ST_4 : Operation 197 [1/1] (0.00ns)   --->   "%specbitsmap_ln0 = specbitsmap void @_ssdm_op_SpecBitsMap, i16 %coeffs_30"   --->   Operation 197 'specbitsmap' 'specbitsmap_ln0' <Predicate = true> <Delay = 0.00>
ST_4 : Operation 198 [1/1] (0.00ns)   --->   "%specinterface_ln0 = specinterface void @_ssdm_op_SpecInterface, i16 %coeffs_30, void @empty_0, i32 4294967295, i32 4294967295, void @empty_41, i32 0, i32 0, void @empty_1, void @empty_33, void @empty, i32 0, i32 0, i32 0, i32 0, void @empty, void @empty, i32 4294967295, i32 0, i32 0"   --->   Operation 198 'specinterface' 'specinterface_ln0' <Predicate = true> <Delay = 0.00>
ST_4 : Operation 199 [1/1] (0.00ns)   --->   "%specinterface_ln0 = specinterface void @_ssdm_op_SpecInterface, i16 %coeffs_30, void @empty_3, i32 4294967295, i32 4294967295, void @empty, i32 0, i32 0, void @empty, void @empty, void @empty, i32 0, i32 0, i32 0, i32 0, void @empty, void @empty, i32 4294967295, i32 0, i32 0"   --->   Operation 199 'specinterface' 'specinterface_ln0' <Predicate = true> <Delay = 0.00>
ST_4 : Operation 200 [1/1] (0.00ns)   --->   "%specbitsmap_ln0 = specbitsmap void @_ssdm_op_SpecBitsMap, i16 %coeffs_31"   --->   Operation 200 'specbitsmap' 'specbitsmap_ln0' <Predicate = true> <Delay = 0.00>
ST_4 : Operation 201 [1/1] (0.00ns)   --->   "%specinterface_ln0 = specinterface void @_ssdm_op_SpecInterface, i16 %coeffs_31, void @empty_0, i32 4294967295, i32 4294967295, void @empty_41, i32 0, i32 0, void @empty_1, void @empty_34, void @empty, i32 0, i32 0, i32 0, i32 0, void @empty, void @empty, i32 4294967295, i32 0, i32 0"   --->   Operation 201 'specinterface' 'specinterface_ln0' <Predicate = true> <Delay = 0.00>
ST_4 : Operation 202 [1/1] (0.00ns)   --->   "%specinterface_ln0 = specinterface void @_ssdm_op_SpecInterface, i16 %coeffs_31, void @empty_3, i32 4294967295, i32 4294967295, void @empty, i32 0, i32 0, void @empty, void @empty, void @empty, i32 0, i32 0, i32 0, i32 0, void @empty, void @empty, i32 4294967295, i32 0, i32 0"   --->   Operation 202 'specinterface' 'specinterface_ln0' <Predicate = true> <Delay = 0.00>
ST_4 : Operation 203 [1/1] (0.00ns)   --->   "%specbitsmap_ln0 = specbitsmap void @_ssdm_op_SpecBitsMap, i32 %num_taps"   --->   Operation 203 'specbitsmap' 'specbitsmap_ln0' <Predicate = true> <Delay = 0.00>
ST_4 : Operation 204 [1/1] (0.00ns)   --->   "%specinterface_ln0 = specinterface void @_ssdm_op_SpecInterface, i32 %num_taps, void @empty_0, i32 4294967295, i32 4294967295, void @empty_41, i32 0, i32 0, void @empty_1, void @empty_35, void @empty, i32 0, i32 0, i32 0, i32 0, void @empty, void @empty, i32 4294967295, i32 0, i32 0"   --->   Operation 204 'specinterface' 'specinterface_ln0' <Predicate = true> <Delay = 0.00>
ST_4 : Operation 205 [1/1] (0.00ns)   --->   "%specinterface_ln0 = specinterface void @_ssdm_op_SpecInterface, i32 %num_taps, void @empty_3, i32 4294967295, i32 4294967295, void @empty, i32 0, i32 0, void @empty, void @empty, void @empty, i32 0, i32 0, i32 0, i32 0, void @empty, void @empty, i32 4294967295, i32 0, i32 0"   --->   Operation 205 'specinterface' 'specinterface_ln0' <Predicate = true> <Delay = 0.00>
ST_4 : Operation 206 [1/1] (0.00ns)   --->   "%specbitsmap_ln0 = specbitsmap void @_ssdm_op_SpecBitsMap, i32 %num_samples"   --->   Operation 206 'specbitsmap' 'specbitsmap_ln0' <Predicate = true> <Delay = 0.00>
ST_4 : Operation 207 [1/1] (0.00ns)   --->   "%specinterface_ln0 = specinterface void @_ssdm_op_SpecInterface, i32 %num_samples, void @empty_0, i32 4294967295, i32 4294967295, void @empty_41, i32 0, i32 0, void @empty_1, void @empty_36, void @empty, i32 0, i32 0, i32 0, i32 0, void @empty, void @empty, i32 4294967295, i32 0, i32 0"   --->   Operation 207 'specinterface' 'specinterface_ln0' <Predicate = true> <Delay = 0.00>
ST_4 : Operation 208 [1/1] (0.00ns)   --->   "%specinterface_ln0 = specinterface void @_ssdm_op_SpecInterface, i32 %num_samples, void @empty_3, i32 4294967295, i32 4294967295, void @empty, i32 0, i32 0, void @empty, void @empty, void @empty, i32 0, i32 0, i32 0, i32 0, void @empty, void @empty, i32 4294967295, i32 0, i32 0"   --->   Operation 208 'specinterface' 'specinterface_ln0' <Predicate = true> <Delay = 0.00>
ST_4 : Operation 209 [1/1] (0.00ns)   --->   "%specinterface_ln0 = specinterface void @_ssdm_op_SpecInterface, i32 0, void @empty_0, i32 0, i32 0, void @empty, i32 0, i32 0, void @empty_1, void @empty, void @empty, i32 0, i32 0, i32 0, i32 0, void @empty, void @empty, i32 4294967295, i32 0, i32 0"   --->   Operation 209 'specinterface' 'specinterface_ln0' <Predicate = true> <Delay = 0.00>
ST_4 : Operation 210 [1/1] (0.00ns)   --->   "%specaxissidechannel_ln44 = specaxissidechannel void @_ssdm_op_SpecAXISSideChannel, i32 %out_stream_V_data_V, i4 %out_stream_V_keep_V, i4 %out_stream_V_strb_V, i1 0, i1 %out_stream_V_last_V, i1 0, i1 0, void @empty_42" [src/fir_filter.cpp:44]   --->   Operation 210 'specaxissidechannel' 'specaxissidechannel_ln44' <Predicate = true> <Delay = 0.00>
ST_4 : Operation 211 [1/1] (0.00ns)   --->   "%specaxissidechannel_ln44 = specaxissidechannel void @_ssdm_op_SpecAXISSideChannel, i32 %in_stream_V_data_V, i4 %in_stream_V_keep_V, i4 %in_stream_V_strb_V, i1 0, i1 %in_stream_V_last_V, i1 0, i1 0, void @empty_38" [src/fir_filter.cpp:44]   --->   Operation 211 'specaxissidechannel' 'specaxissidechannel_ln44' <Predicate = true> <Delay = 0.00>
ST_4 : Operation 212 [1/1] (0.00ns)   --->   "%ret_ln75 = ret" [src/fir_filter.cpp:75]   --->   Operation 212 'ret' 'ret_ln75' <Predicate = true> <Delay = 0.00>


============================================================
+ Verbose Summary: Timing violations
============================================================
Target clock period: 10.000ns, clock uncertainty: 2.700ns.

 <State 1>: 6.808ns
The critical path consists of the following:
	s_axi read operation ('num_taps_read', src/fir_filter.cpp:3) on port 'num_taps' (src/fir_filter.cpp:3) [44]  (1.000 ns)
	'icmp' operation 1 bit ('icmp_ln30', src/fir_filter.cpp:30) [161]  (2.552 ns)
	'select' operation 31 bit ('num_taps', src/fir_filter.cpp:30) [162]  (0.733 ns)
	'icmp' operation 1 bit ('icmp_ln33', src/fir_filter.cpp:33) [164]  (2.522 ns)

 <State 2>: 5.651ns
The critical path consists of the following:
	'icmp' operation 1 bit ('empty_49', src/fir_filter.cpp:44) [244]  (2.552 ns)
	'select' operation 32 bit ('select_ln44_1', src/fir_filter.cpp:44) [246]  (0.993 ns)
	'call' operation 0 bit ('call_ln44', src/fir_filter.cpp:44) to 'fir_filter_Pipeline_sample_loop' [248]  (2.106 ns)

 <State 3>: 4.088ns
The critical path consists of the following:
	'call' operation 0 bit ('call_ln44', src/fir_filter.cpp:44) to 'fir_filter_Pipeline_sample_loop' [248]  (4.088 ns)

 <State 4>: 0.000ns
The critical path consists of the following:


============================================================
+ Verbose Summary: Binding
============================================================
N/A
* FSMD analyzer results:
  - Output states:
 - Input state : 
  - Chain level:
	State 1
	State 2
	State 3
	State 4


============================================================
+ Verbose Summary: Datapath Resource usage 
============================================================
N/A
