================================================================
== Design Size Report
================================================================

* Total Instructions per Compilation Phase
+---------------+-----------------------------+--------------+----------------------------------------------------------------------------------------+
| Phase         | Step                        | Instructions | Description                                                                            |
+---------------+-----------------------------+--------------+----------------------------------------------------------------------------------------+
| Compile/Link  |                             | 646          | After all functions are compiled and linked into a single design                       |
|               |                             |              |                                                                                        |
| Unroll/Inline |                             |              | After user unroll and inline pragmas are applied                                       |
|               | (1) unroll                  | 668          | user unroll pragmas are applied                                                        |
|               | (2) simplification          | 517          | simplification of applied user unroll pragmas                                          |
|               | (3) inline                  | 518          | user inline pragmas are applied                                                        |
|               | (4) simplification          | 518          | simplification of applied user inline pragmas                                          |
|               |                             |              |                                                                                        |
| Array/Struct  |                             |              | After user array partition and struct aggregate/disaggregate pragmas are applied       |
|               | (1) array partition         | 419          | user array partition pragmas are applied                                               |
|               | (2) simplification          | 419          | simplification of applied user array partition & struct aggregate/disaggregate pragmas |
|               | (3) aggregate/disaggregate  | 419          | user struct aggregate/disaggregate pragmas are applied                                 |
|               | (4) array reshape           | 419          | apply array reshape pragmas                                                            |
|               | (5) access patterns         | 448          | array access pattern optmizations                                                      |
|               |                             |              |                                                                                        |
| Performance   |                             |              | After transformations are applied to meet performance pragma targets                   |
|               | (1) loop simplification     | 448          | loop and instruction simplification                                                    |
|               | (2) parallelization         | 446          | loops are unrolled or pipelined to meet performance targets                            |
|               | (3) array partition         | 415          | arrays are partitioned to meet performance targets                                     |
|               | (4) simplification          | 415          | simplification of design after performance transformations                             |
|               |                             |              |                                                                                        |
| HW Transforms |                             |              | After hardware transfomations                                                          |
|               | (1) lowering                | 471          | initial conversion to HW specific instructions                                         |
|               | (2) optimizations           | 470          | high level synthesis optimizations                                                     |
+---------------+-----------------------------+--------------+----------------------------------------------------------------------------------------+

* Instructions per Function for each Compilation Phase
+--------------+------------------+--------------+---------------+--------------+-------------+---------------+
| Function     | Location         | Compile/Link | Unroll/Inline | Array/Struct | Performance | HW Transforms |
+--------------+------------------+--------------+---------------+--------------+-------------+---------------+
|   fir_filter | fir_filter.cpp:3 | 646          | 518           | 448          | 415         | 470           |
+--------------+------------------+--------------+---------------+--------------+-------------+---------------+

* Design Size Message Settings
+---------------------------------------------+--------+------------------------------------------------------------------+
| Message Setting                             | Value  | Description                                                      |
+---------------------------------------------+--------+------------------------------------------------------------------+
| config_compile -design_size_maximum_warning | 100000 | Show a warning when total design instructions exceeds this value |
+---------------------------------------------+--------+------------------------------------------------------------------+


