

================================================================
== Vitis HLS Report for 'fir_filter'
================================================================
* Date:           Fri Apr 24 16:06:41 2026

* Version:        2024.1 (Build 5069499 on May 21 2024)
* Project:        fir_filter_hls
* Solution:       solution1 (Vivado IP Flow Target)
* Product family: zynq
* Target device:  xc7z020-clg400-1


================================================================
== Performance Estimates
================================================================
+ Timing: 
    * Summary: 
    +--------+----------+----------+------------+
    |  Clock |  Target  | Estimated| Uncertainty|
    +--------+----------+----------+------------+
    |ap_clk  |  10.00 ns|  6.808 ns|     2.70 ns|
    +--------+----------+----------+------------+

+ Latency: 
    * Summary: 
    +---------+---------+----------+-----------+-----+------+---------+
    |  Latency (cycles) |  Latency (absolute)  |  Interval  | Pipeline|
    |   min   |   max   |    min   |    max    | min |  max |   Type  |
    +---------+---------+----------+-----------+-----+------+---------+
    |       33|     1061|  0.330 us|  10.610 us|   34|  1062|       no|
    +---------+---------+----------+-----------+-----+------+---------+

    + Detail: 
        * Instance: 
        +--------------------------------------------+---------------------------------+---------+---------+----------+-----------+-----+------+-----------------------------------------------+
        |                                            |                                 |  Latency (cycles) |  Latency (absolute)  |  Interval  |                    Pipeline                   |
        |                  Instance                  |              Module             |   min   |   max   |    min   |    max    | min |  max |                      Type                     |
        +--------------------------------------------+---------------------------------+---------+---------+----------+-----------+-----+------+-----------------------------------------------+
        |grp_fir_filter_Pipeline_sample_loop_fu_498  |fir_filter_Pipeline_sample_loop  |       30|     1058|  0.300 us|  10.580 us|    1|  1025|  loop auto-rewind stp(delay=0 clock cycles(s))|
        +--------------------------------------------+---------------------------------+---------+---------+----------+-----------+-----+------+-----------------------------------------------+

        * Loop: 
        N/A



================================================================
== Utilization Estimates
================================================================
* Summary: 
+-----------------+---------+-----+--------+-------+-----+
|       Name      | BRAM_18K| DSP |   FF   |  LUT  | URAM|
+-----------------+---------+-----+--------+-------+-----+
|DSP              |        -|    -|       -|      -|    -|
|Expression       |        -|    -|       0|    826|    -|
|FIFO             |        -|    -|       -|      -|    -|
|Instance         |        0|   32|    4118|   2712|    -|
|Memory           |        -|    -|       -|      -|    -|
|Multiplexer      |        -|    -|       0|     34|    -|
|Register         |        -|    -|     630|      -|    -|
+-----------------+---------+-----+--------+-------+-----+
|Total            |        0|   32|    4748|   3572|    0|
+-----------------+---------+-----+--------+-------+-----+
|Available        |      280|  220|  106400|  53200|    0|
+-----------------+---------+-----+--------+-------+-----+
|Utilization (%)  |        0|   14|       4|      6|    0|
+-----------------+---------+-----+--------+-------+-----+

+ Detail: 
    * Instance: 
    +--------------------------------------------+---------------------------------+---------+----+------+------+-----+
    |                  Instance                  |              Module             | BRAM_18K| DSP|  FF  |  LUT | URAM|
    +--------------------------------------------+---------------------------------+---------+----+------+------+-----+
    |CTRL_s_axi_U                                |CTRL_s_axi                       |        0|   0|   816|  1192|    0|
    |grp_fir_filter_Pipeline_sample_loop_fu_498  |fir_filter_Pipeline_sample_loop  |        0|  32|  3302|  1520|    0|
    +--------------------------------------------+---------------------------------+---------+----+------+------+-----+
    |Total                                       |                                 |        0|  32|  4118|  2712|    0|
    +--------------------------------------------+---------------------------------+---------+----+------+------+-----+

    * DSP: 
    N/A

    * Memory: 
    N/A

    * FIFO: 
    N/A

    * Expression: 
    +--------------------------------------------------------------+----------+----+---+----+------------+------------+
    |                         Variable Name                        | Operation| DSP| FF| LUT| Bitwidth P0| Bitwidth P1|
    +--------------------------------------------------------------+----------+----+---+----+------------+------------+
    |num_samples_addr_0_op_fu_641_p2                               |         +|   0|  0|  12|          11|           2|
    |grp_fir_filter_Pipeline_sample_loop_fu_498_out_stream_TREADY  |       and|   0|  0|   2|           1|           1|
    |cmp31_10_fu_774_p2                                            |      icmp|   0|  0|  14|           6|           4|
    |cmp31_11_fu_781_p2                                            |      icmp|   0|  0|  14|           6|           4|
    |cmp31_12_fu_788_p2                                            |      icmp|   0|  0|  14|           6|           4|
    |cmp31_13_fu_795_p2                                            |      icmp|   0|  0|  14|           6|           4|
    |cmp31_14_fu_802_p2                                            |      icmp|   0|  0|  14|           6|           4|
    |cmp31_16_fu_826_p2                                            |      icmp|   0|  0|  14|           6|           5|
    |cmp31_17_fu_833_p2                                            |      icmp|   0|  0|  14|           6|           5|
    |cmp31_18_fu_840_p2                                            |      icmp|   0|  0|  14|           6|           5|
    |cmp31_19_fu_847_p2                                            |      icmp|   0|  0|  14|           6|           5|
    |cmp31_20_fu_854_p2                                            |      icmp|   0|  0|  14|           6|           5|
    |cmp31_21_fu_861_p2                                            |      icmp|   0|  0|  14|           6|           5|
    |cmp31_22_fu_868_p2                                            |      icmp|   0|  0|  14|           6|           5|
    |cmp31_23_fu_875_p2                                            |      icmp|   0|  0|  14|           6|           5|
    |cmp31_24_fu_882_p2                                            |      icmp|   0|  0|  14|           6|           5|
    |cmp31_25_fu_889_p2                                            |      icmp|   0|  0|  14|           6|           5|
    |cmp31_26_fu_896_p2                                            |      icmp|   0|  0|  14|           6|           5|
    |cmp31_27_fu_903_p2                                            |      icmp|   0|  0|  14|           6|           5|
    |cmp31_28_fu_910_p2                                            |      icmp|   0|  0|  14|           6|           5|
    |cmp31_29_fu_917_p2                                            |      icmp|   0|  0|  14|           6|           5|
    |cmp31_2_fu_698_p2                                             |      icmp|   0|  0|  14|           6|           2|
    |cmp31_30_fu_924_p2                                            |      icmp|   0|  0|  14|           6|           5|
    |cmp31_4_fu_722_p2                                             |      icmp|   0|  0|  14|           6|           3|
    |cmp31_5_fu_729_p2                                             |      icmp|   0|  0|  14|           6|           3|
    |cmp31_6_fu_736_p2                                             |      icmp|   0|  0|  14|           6|           3|
    |cmp31_8_fu_760_p2                                             |      icmp|   0|  0|  14|           6|           4|
    |cmp31_9_fu_767_p2                                             |      icmp|   0|  0|  14|           6|           4|
    |empty_49_fu_940_p2                                            |      icmp|   0|  0|  39|          32|          12|
    |empty_fu_655_p2                                               |      icmp|   0|  0|  39|          32|           1|
    |icmp10_fu_819_p2                                              |      icmp|   0|  0|  10|           2|           1|
    |icmp4_fu_715_p2                                               |      icmp|   0|  0|  13|           4|           1|
    |icmp7_fu_753_p2                                               |      icmp|   0|  0|  11|           3|           1|
    |icmp_fu_691_p2                                                |      icmp|   0|  0|  13|           5|           1|
    |icmp_ln30_fu_591_p2                                           |      icmp|   0|  0|  39|          32|           1|
    |icmp_ln33_fu_609_p2                                           |      icmp|   0|  0|  38|          31|           6|
    |icmp_ln39_fu_635_p2                                           |      icmp|   0|  0|  38|          31|          11|
    |select_ln30_fu_597_p3                                         |    select|   0|  0|  31|           1|           1|
    |select_ln33_fu_675_p3                                         |    select|   0|  0|   7|           1|           7|
    |select_ln36_fu_623_p3                                         |    select|   0|  0|  31|           1|           1|
    |select_ln44_1_fu_950_p3                                       |    select|   0|  0|  32|           1|          32|
    |select_ln44_fu_667_p3                                         |    select|   0|  0|  32|           1|          32|
    |sub50_fu_647_p3                                               |    select|   0|  0|  11|           1|          10|
    |xor_ln44_1_fu_945_p2                                          |       xor|   0|  0|  32|          32|           2|
    |xor_ln44_fu_661_p2                                            |       xor|   0|  0|  32|          32|           2|
    +--------------------------------------------------------------+----------+----+---+----+------------+------------+
    |Total                                                         |          |   0|  0| 826|         410|         239|
    +--------------------------------------------------------------+----------+----+---+----+------------+------------+

    * Multiplexer: 
    +-------------------------------+----+-----------+-----+-----------+
    |              Name             | LUT| Input Size| Bits| Total Bits|
    +-------------------------------+----+-----------+-----+-----------+
    |ap_NS_fsm                      |  25|          5|    1|          5|
    |in_stream_TREADY_int_regslice  |   9|          2|    1|          2|
    +-------------------------------+----+-----------+-----+-----------+
    |Total                          |  34|          7|    2|          7|
    +-------------------------------+----+-----------+-----+-----------+

    * Register: 
    +---------------------------------------------------------+----+----+-----+-----------+
    |                           Name                          | FF | LUT| Bits| Const Bits|
    +---------------------------------------------------------+----+----+-----+-----------+
    |ap_CS_fsm                                                |   4|   0|    4|          0|
    |cmp31_10_reg_1185                                        |   1|   0|    1|          0|
    |cmp31_11_reg_1190                                        |   1|   0|    1|          0|
    |cmp31_12_reg_1195                                        |   1|   0|    1|          0|
    |cmp31_13_reg_1200                                        |   1|   0|    1|          0|
    |cmp31_14_reg_1205                                        |   1|   0|    1|          0|
    |cmp31_16_reg_1215                                        |   1|   0|    1|          0|
    |cmp31_17_reg_1220                                        |   1|   0|    1|          0|
    |cmp31_18_reg_1225                                        |   1|   0|    1|          0|
    |cmp31_19_reg_1230                                        |   1|   0|    1|          0|
    |cmp31_20_reg_1235                                        |   1|   0|    1|          0|
    |cmp31_21_reg_1240                                        |   1|   0|    1|          0|
    |cmp31_22_reg_1245                                        |   1|   0|    1|          0|
    |cmp31_23_reg_1250                                        |   1|   0|    1|          0|
    |cmp31_24_reg_1255                                        |   1|   0|    1|          0|
    |cmp31_25_reg_1260                                        |   1|   0|    1|          0|
    |cmp31_26_reg_1265                                        |   1|   0|    1|          0|
    |cmp31_27_reg_1270                                        |   1|   0|    1|          0|
    |cmp31_28_reg_1275                                        |   1|   0|    1|          0|
    |cmp31_29_reg_1280                                        |   1|   0|    1|          0|
    |cmp31_2_reg_1145                                         |   1|   0|    1|          0|
    |cmp31_30_reg_1285                                        |   1|   0|    1|          0|
    |cmp31_4_reg_1155                                         |   1|   0|    1|          0|
    |cmp31_5_reg_1160                                         |   1|   0|    1|          0|
    |cmp31_6_reg_1165                                         |   1|   0|    1|          0|
    |cmp31_8_reg_1175                                         |   1|   0|    1|          0|
    |cmp31_9_reg_1180                                         |   1|   0|    1|          0|
    |coeffs_0_read_reg_974                                    |  16|   0|   16|          0|
    |coeffs_10_read_reg_1024                                  |  16|   0|   16|          0|
    |coeffs_11_read_reg_1029                                  |  16|   0|   16|          0|
    |coeffs_12_read_reg_1034                                  |  16|   0|   16|          0|
    |coeffs_13_read_reg_1039                                  |  16|   0|   16|          0|
    |coeffs_14_read_reg_1044                                  |  16|   0|   16|          0|
    |coeffs_15_read_reg_1049                                  |  16|   0|   16|          0|
    |coeffs_16_read_reg_1054                                  |  16|   0|   16|          0|
    |coeffs_17_read_reg_1059                                  |  16|   0|   16|          0|
    |coeffs_18_read_reg_1064                                  |  16|   0|   16|          0|
    |coeffs_19_read_reg_1069                                  |  16|   0|   16|          0|
    |coeffs_1_read_reg_979                                    |  16|   0|   16|          0|
    |coeffs_20_read_reg_1074                                  |  16|   0|   16|          0|
    |coeffs_21_read_reg_1079                                  |  16|   0|   16|          0|
    |coeffs_22_read_reg_1084                                  |  16|   0|   16|          0|
    |coeffs_23_read_reg_1089                                  |  16|   0|   16|          0|
    |coeffs_24_read_reg_1094                                  |  16|   0|   16|          0|
    |coeffs_25_read_reg_1099                                  |  16|   0|   16|          0|
    |coeffs_26_read_reg_1104                                  |  16|   0|   16|          0|
    |coeffs_27_read_reg_1109                                  |  16|   0|   16|          0|
    |coeffs_28_read_reg_1114                                  |  16|   0|   16|          0|
    |coeffs_29_read_reg_1119                                  |  16|   0|   16|          0|
    |coeffs_2_read_reg_984                                    |  16|   0|   16|          0|
    |coeffs_30_read_reg_1124                                  |  16|   0|   16|          0|
    |coeffs_31_read_reg_1129                                  |  16|   0|   16|          0|
    |coeffs_3_read_reg_989                                    |  16|   0|   16|          0|
    |coeffs_4_read_reg_994                                    |  16|   0|   16|          0|
    |coeffs_5_read_reg_999                                    |  16|   0|   16|          0|
    |coeffs_6_read_reg_1004                                   |  16|   0|   16|          0|
    |coeffs_7_read_reg_1009                                   |  16|   0|   16|          0|
    |coeffs_8_read_reg_1014                                   |  16|   0|   16|          0|
    |coeffs_9_read_reg_1019                                   |  16|   0|   16|          0|
    |grp_fir_filter_Pipeline_sample_loop_fu_498_ap_start_reg  |   1|   0|    1|          0|
    |icmp10_reg_1210                                          |   1|   0|    1|          0|
    |icmp4_reg_1150                                           |   1|   0|    1|          0|
    |icmp7_reg_1170                                           |   1|   0|    1|          0|
    |icmp_ln33_reg_964                                        |   1|   0|    1|          0|
    |icmp_reg_1140                                            |   1|   0|    1|          0|
    |select_ln44_1_reg_1295                                   |  32|   0|   32|          0|
    |select_ln44_reg_1134                                     |  32|   0|   32|          0|
    |sub50_reg_969                                            |  11|   0|   11|          0|
    |tmp_5_reg_1290                                           |   1|   0|    1|          0|
    |trunc_ln7_reg_959                                        |   6|   0|    6|          0|
    +---------------------------------------------------------+----+----+-----+-----------+
    |Total                                                    | 630|   0|  630|          0|
    +---------------------------------------------------------+----+----+-----+-----------+



================================================================
== Interface
================================================================
* Summary: 
+--------------------+-----+-----+------------+---------------------+--------------+
|      RTL Ports     | Dir | Bits|  Protocol  |    Source Object    |    C Type    |
+--------------------+-----+-----+------------+---------------------+--------------+
|s_axi_CTRL_AWVALID  |   in|    1|       s_axi|                 CTRL|        scalar|
|s_axi_CTRL_AWREADY  |  out|    1|       s_axi|                 CTRL|        scalar|
|s_axi_CTRL_AWADDR   |   in|    9|       s_axi|                 CTRL|        scalar|
|s_axi_CTRL_WVALID   |   in|    1|       s_axi|                 CTRL|        scalar|
|s_axi_CTRL_WREADY   |  out|    1|       s_axi|                 CTRL|        scalar|
|s_axi_CTRL_WDATA    |   in|   32|       s_axi|                 CTRL|        scalar|
|s_axi_CTRL_WSTRB    |   in|    4|       s_axi|                 CTRL|        scalar|
|s_axi_CTRL_ARVALID  |   in|    1|       s_axi|                 CTRL|        scalar|
|s_axi_CTRL_ARREADY  |  out|    1|       s_axi|                 CTRL|        scalar|
|s_axi_CTRL_ARADDR   |   in|    9|       s_axi|                 CTRL|        scalar|
|s_axi_CTRL_RVALID   |  out|    1|       s_axi|                 CTRL|        scalar|
|s_axi_CTRL_RREADY   |   in|    1|       s_axi|                 CTRL|        scalar|
|s_axi_CTRL_RDATA    |  out|   32|       s_axi|                 CTRL|        scalar|
|s_axi_CTRL_RRESP    |  out|    2|       s_axi|                 CTRL|        scalar|
|s_axi_CTRL_BVALID   |  out|    1|       s_axi|                 CTRL|        scalar|
|s_axi_CTRL_BREADY   |   in|    1|       s_axi|                 CTRL|        scalar|
|s_axi_CTRL_BRESP    |  out|    2|       s_axi|                 CTRL|        scalar|
|ap_clk              |   in|    1|  ap_ctrl_hs|           fir_filter|  return value|
|ap_rst_n            |   in|    1|  ap_ctrl_hs|           fir_filter|  return value|
|interrupt           |  out|    1|  ap_ctrl_hs|           fir_filter|  return value|
|in_stream_TDATA     |   in|   32|        axis|   in_stream_V_data_V|       pointer|
|in_stream_TVALID    |   in|    1|        axis|   in_stream_V_last_V|       pointer|
|in_stream_TREADY    |  out|    1|        axis|   in_stream_V_last_V|       pointer|
|in_stream_TLAST     |   in|    1|        axis|   in_stream_V_last_V|       pointer|
|in_stream_TKEEP     |   in|    4|        axis|   in_stream_V_keep_V|       pointer|
|in_stream_TSTRB     |   in|    4|        axis|   in_stream_V_strb_V|       pointer|
|out_stream_TDATA    |  out|   32|        axis|  out_stream_V_data_V|       pointer|
|out_stream_TVALID   |  out|    1|        axis|  out_stream_V_last_V|       pointer|
|out_stream_TREADY   |   in|    1|        axis|  out_stream_V_last_V|       pointer|
|out_stream_TLAST    |  out|    1|        axis|  out_stream_V_last_V|       pointer|
|out_stream_TKEEP    |  out|    4|        axis|  out_stream_V_keep_V|       pointer|
|out_stream_TSTRB    |  out|    4|        axis|  out_stream_V_strb_V|       pointer|
+--------------------+-----+-----+------------+---------------------+--------------+

